<?xml version="1.0"?>
<!DOCTYPE coverage SYSTEM "http://cobertura.sourceforge.net/xml/coverage-04.dtd">

<coverage line-rate="0.8666666666666667" branch-rate="0.8355704697986577" lines-covered="676" lines-valid="780" branches-covered="249" branches-valid="298" complexity="1.5077881619937694" version="1.9.4.1" timestamp="1319492824638">
	<sources>
		<source>/home/tim/workspace/jewelcli-parent/target/checkout/jewelcli/src/main/java</source>
		<source>--source</source>
	</sources>
	<packages>
		<package name="com.google.common.base" line-rate="1.0" branch-rate="1.0" complexity="0.0">
			<classes>
				<class name="com.google.common.base.package-info" filename="com/google/common/base/package-info.java" line-rate="1.0" branch-rate="1.0" complexity="0.0">
					<methods>
					</methods>
					<lines>
					</lines>
				</class>
			</classes>
		</package>
		<package name="com.google.common.cache" line-rate="1.0" branch-rate="1.0" complexity="0.0">
			<classes>
				<class name="com.google.common.cache.package-info" filename="com/google/common/cache/package-info.java" line-rate="1.0" branch-rate="1.0" complexity="0.0">
					<methods>
					</methods>
					<lines>
					</lines>
				</class>
			</classes>
		</package>
		<package name="com.google.common.collect" line-rate="1.0" branch-rate="1.0" complexity="0.0">
			<classes>
				<class name="com.google.common.collect.package-info" filename="com/google/common/collect/package-info.java" line-rate="1.0" branch-rate="1.0" complexity="0.0">
					<methods>
					</methods>
					<lines>
					</lines>
				</class>
			</classes>
		</package>
		<package name="com.google.common.io" line-rate="1.0" branch-rate="1.0" complexity="0.0">
			<classes>
				<class name="com.google.common.io.package-info" filename="com/google/common/io/package-info.java" line-rate="1.0" branch-rate="1.0" complexity="0.0">
					<methods>
					</methods>
					<lines>
					</lines>
				</class>
			</classes>
		</package>
		<package name="com.google.common.net" line-rate="1.0" branch-rate="1.0" complexity="0.0">
			<classes>
				<class name="com.google.common.net.package-info" filename="com/google/common/net/package-info.java" line-rate="1.0" branch-rate="1.0" complexity="0.0">
					<methods>
					</methods>
					<lines>
					</lines>
				</class>
			</classes>
		</package>
		<package name="com.google.common.primitives" line-rate="1.0" branch-rate="1.0" complexity="0.0">
			<classes>
				<class name="com.google.common.primitives.package-info" filename="com/google/common/primitives/package-info.java" line-rate="1.0" branch-rate="1.0" complexity="0.0">
					<methods>
					</methods>
					<lines>
					</lines>
				</class>
			</classes>
		</package>
		<package name="com.google.common.util.concurrent" line-rate="1.0" branch-rate="1.0" complexity="0.0">
			<classes>
				<class name="com.google.common.util.concurrent.package-info" filename="com/google/common/util/concurrent/package-info.java" line-rate="1.0" branch-rate="1.0" complexity="0.0">
					<methods>
					</methods>
					<lines>
					</lines>
				</class>
			</classes>
		</package>
		<package name="uk.co.flamingpenguin.jewel" line-rate="0.25" branch-rate="1.0" complexity="1.0">
			<classes>
				<class name="uk.co.flamingpenguin.jewel.JewelException" filename="uk/co/flamingpenguin/jewel/JewelException.java" line-rate="0.25" branch-rate="1.0" complexity="1.0">
					<methods>
						<method name="&lt;init&gt;" signature="()V" line-rate="1.0" branch-rate="1.0">
							<lines>
								<line number="17" hits="19" branch="false"/>
								<line number="18" hits="19" branch="false"/>
							</lines>
						</method>
						<method name="&lt;init&gt;" signature="(Ljava/lang/String;)V" line-rate="0.0" branch-rate="1.0">
							<lines>
								<line number="38" hits="0" branch="false"/>
								<line number="39" hits="0" branch="false"/>
							</lines>
						</method>
						<method name="&lt;init&gt;" signature="(Ljava/lang/String;Ljava/lang/Throwable;)V" line-rate="0.0" branch-rate="1.0">
							<lines>
								<line number="28" hits="0" branch="false"/>
								<line number="29" hits="0" branch="false"/>
							</lines>
						</method>
						<method name="&lt;init&gt;" signature="(Ljava/lang/Throwable;)V" line-rate="0.0" branch-rate="1.0">
							<lines>
								<line number="48" hits="0" branch="false"/>
								<line number="49" hits="0" branch="false"/>
							</lines>
						</method>
					</methods>
					<lines>
						<line number="17" hits="19" branch="false"/>
						<line number="18" hits="19" branch="false"/>
						<line number="28" hits="0" branch="false"/>
						<line number="29" hits="0" branch="false"/>
						<line number="38" hits="0" branch="false"/>
						<line number="39" hits="0" branch="false"/>
						<line number="48" hits="0" branch="false"/>
						<line number="49" hits="0" branch="false"/>
					</lines>
				</class>
				<class name="uk.co.flamingpenguin.jewel.JewelRuntimeException" filename="uk/co/flamingpenguin/jewel/JewelRuntimeException.java" line-rate="0.25" branch-rate="1.0" complexity="1.0">
					<methods>
						<method name="&lt;init&gt;" signature="()V" line-rate="0.0" branch-rate="1.0">
							<lines>
								<line number="20" hits="0" branch="false"/>
								<line number="21" hits="0" branch="false"/>
							</lines>
						</method>
						<method name="&lt;init&gt;" signature="(Ljava/lang/String;)V" line-rate="1.0" branch-rate="1.0">
							<lines>
								<line number="41" hits="1" branch="false"/>
								<line number="42" hits="1" branch="false"/>
							</lines>
						</method>
						<method name="&lt;init&gt;" signature="(Ljava/lang/String;Ljava/lang/Throwable;)V" line-rate="0.0" branch-rate="1.0">
							<lines>
								<line number="31" hits="0" branch="false"/>
								<line number="32" hits="0" branch="false"/>
							</lines>
						</method>
						<method name="&lt;init&gt;" signature="(Ljava/lang/Throwable;)V" line-rate="0.0" branch-rate="1.0">
							<lines>
								<line number="51" hits="0" branch="false"/>
								<line number="52" hits="0" branch="false"/>
							</lines>
						</method>
					</methods>
					<lines>
						<line number="20" hits="0" branch="false"/>
						<line number="21" hits="0" branch="false"/>
						<line number="31" hits="0" branch="false"/>
						<line number="32" hits="0" branch="false"/>
						<line number="41" hits="1" branch="false"/>
						<line number="42" hits="1" branch="false"/>
						<line number="51" hits="0" branch="false"/>
						<line number="52" hits="0" branch="false"/>
					</lines>
				</class>
			</classes>
		</package>
		<package name="uk.co.flamingpenguin.jewel.cli" line-rate="0.8795811518324608" branch-rate="0.8355704697986577" complexity="1.5207667731629393">
			<classes>
				<class name="uk.co.flamingpenguin.jewel.cli.AbstractCliImpl" filename="uk/co/flamingpenguin/jewel/cli/AbstractCliImpl.java" line-rate="1.0" branch-rate="1.0" complexity="1.0">
					<methods>
						<method name="&lt;init&gt;" signature="(Lcom/lexicalscope/jewelcli/internal/fluentreflection/$ReflectedClass;Luk/co/flamingpenguin/jewel/cli/OptionsSpecification;)V" line-rate="1.0" branch-rate="1.0">
							<lines>
								<line number="27" hits="70" branch="false"/>
								<line number="28" hits="70" branch="false"/>
								<line number="29" hits="70" branch="false"/>
								<line number="30" hits="70" branch="false"/>
							</lines>
						</method>
						<method name="getHelpMessage" signature="()Ljava/lang/String;" line-rate="1.0" branch-rate="1.0">
							<lines>
								<line number="47" hits="3" branch="false"/>
							</lines>
						</method>
						<method name="getSpecification" signature="()Luk/co/flamingpenguin/jewel/cli/CliSpecification;" line-rate="1.0" branch-rate="1.0">
							<lines>
								<line number="51" hits="1" branch="false"/>
							</lines>
						</method>
						<method name="parseArguments" signature="([Ljava/lang/String;)Ljava/lang/Object;" line-rate="1.0" branch-rate="1.0">
							<lines>
								<line number="33" hits="67" branch="false"/>
								<line number="36" hits="66" branch="false"/>
								<line number="39" hits="55" branch="false"/>
							</lines>
						</method>
					</methods>
					<lines>
						<line number="27" hits="70" branch="false"/>
						<line number="28" hits="70" branch="false"/>
						<line number="29" hits="70" branch="false"/>
						<line number="30" hits="70" branch="false"/>
						<line number="33" hits="67" branch="false"/>
						<line number="36" hits="66" branch="false"/>
						<line number="39" hits="55" branch="false"/>
						<line number="47" hits="3" branch="false"/>
						<line number="51" hits="1" branch="false"/>
					</lines>
				</class>
				<class name="uk.co.flamingpenguin.jewel.cli.AbstractConvertMethodToOptionSpecification" filename="uk/co/flamingpenguin/jewel/cli/AbstractConvertMethodToOptionSpecification.java" line-rate="1.0" branch-rate="0.95" complexity="2.7142857142857144">
					<methods>
						<method name="&lt;init&gt;" signature="(Lcom/lexicalscope/jewelcli/internal/fluentreflection/$ReflectedClass;)V" line-rate="1.0" branch-rate="1.0">
							<lines>
								<line number="33" hits="141" branch="false"/>
								<line number="34" hits="141" branch="false"/>
								<line number="35" hits="141" branch="false"/>
							</lines>
						</method>
						<method name="addPrefix" signature="(Ljava/lang/String;Ljava/lang/String;)Ljava/lang/String;" line-rate="1.0" branch-rate="1.0">
							<lines>
								<line number="48" hits="113" branch="false"/>
							</lines>
						</method>
						<method name="configureOptionalityMethod" signature="(Lcom/lexicalscope/jewelcli/internal/fluentreflection/$ReflectedMethod;Luk/co/flamingpenguin/jewel/cli/OptionSpecificationBuilder;)V" line-rate="1.0" branch-rate="1.0">
							<lines>
								<line number="71" hits="113" branch="false"/>
								<line number="72" hits="113" branch="true" condition-coverage="100% (2/2)">
									<conditions>
										<condition number="0" type="jump" coverage="100%"/>
									</conditions>
								</line>
								<line number="73" hits="35" branch="false"/>
								<line number="75" hits="113" branch="false"/>
							</lines>
						</method>
						<method name="configureSpecificationFromAnnotation" signature="(Lcom/lexicalscope/jewelcli/internal/fluentreflection/$ReflectedMethod;Luk/co/flamingpenguin/jewel/cli/ParsedOptionSpecificationBuilder;)V" line-rate="1.0" branch-rate="1.0">
							<lines>
								<line number="80" hits="123" branch="false"/>
								<line number="82" hits="123" branch="false"/>
								<line number="83" hits="123" branch="false"/>
								<line number="84" hits="251" branch="true" condition-coverage="100% (2/2)">
									<conditions>
										<condition number="0" type="jump" coverage="100%"/>
									</conditions>
								</line>
								<line number="85" hits="128" branch="false"/>
								<line number="86" hits="128" branch="true" condition-coverage="100% (2/2)">
									<conditions>
										<condition number="0" type="jump" coverage="100%"/>
									</conditions>
								</line>
								<line number="87" hits="28" branch="false"/>
								<line number="90" hits="123" branch="false"/>
								<line number="92" hits="123" branch="true" condition-coverage="100% (2/2)">
									<conditions>
										<condition number="0" type="jump" coverage="100%"/>
									</conditions>
								</line>
								<line number="96" hits="123" branch="false"/>
								<line number="97" hits="123" branch="false"/>
								<line number="99" hits="123" branch="false"/>
								<line number="100" hits="123" branch="false"/>
								<line number="102" hits="123" branch="true" condition-coverage="100% (4/4)">
									<conditions>
										<condition number="0" type="jump" coverage="100%"/>
										<condition number="1" type="jump" coverage="100%"/>
									</conditions>
								</line>
								<line number="104" hits="1" branch="false"/>
								<line number="107" hits="122" branch="true" condition-coverage="100% (2/2)">
									<conditions>
										<condition number="0" type="jump" coverage="100%"/>
									</conditions>
								</line>
								<line number="109" hits="7" branch="false"/>
								<line number="113" hits="115" branch="false"/>
								<line number="116" hits="122" branch="false"/>
								<line number="117" hits="122" branch="false"/>
							</lines>
						</method>
						<method name="findCorrespondingOptionalityMethod" signature="(Ljava/lang/String;Lcom/lexicalscope/jewelcli/internal/fluentreflection/$ReflectedClass;)Lcom/lexicalscope/jewelcli/internal/fluentreflection/$ReflectedMethod;" line-rate="1.0" branch-rate="1.0">
							<lines>
								<line number="38" hits="113" branch="false"/>
								<line number="41" hits="113" branch="true" condition-coverage="100% (2/2)">
									<conditions>
										<condition number="0" type="jump" coverage="100%"/>
									</conditions>
								</line>
								<line number="42" hits="35" branch="false"/>
								<line number="44" hits="78" branch="false"/>
							</lines>
						</method>
						<method name="getValueTypeFromMethodType" signature="(Lcom/lexicalscope/jewelcli/internal/fluentreflection/$ReflectedClass;)Lcom/lexicalscope/jewelcli/internal/fluentreflection/$ReflectedClass;" line-rate="1.0" branch-rate="0.75">
							<lines>
								<line number="57" hits="137" branch="false"/>
								<line number="59" hits="137" branch="true" condition-coverage="100% (2/2)">
									<conditions>
										<condition number="0" type="jump" coverage="100%"/>
									</conditions>
								</line>
								<line number="64" hits="137" branch="true" condition-coverage="50% (1/2)">
									<conditions>
										<condition number="0" type="jump" coverage="50%"/>
									</conditions>
								</line>
							</lines>
						</method>
						<method name="isMultiValued" signature="(Lcom/lexicalscope/jewelcli/internal/fluentreflection/$ReflectedClass;)Z" line-rate="1.0" branch-rate="1.0">
							<lines>
								<line number="52" hits="274" branch="false"/>
							</lines>
						</method>
					</methods>
					<lines>
						<line number="33" hits="141" branch="false"/>
						<line number="34" hits="141" branch="false"/>
						<line number="35" hits="141" branch="false"/>
						<line number="38" hits="113" branch="false"/>
						<line number="41" hits="113" branch="true" condition-coverage="100% (2/2)">
							<conditions>
								<condition number="0" type="jump" coverage="100%"/>
							</conditions>
						</line>
						<line number="42" hits="35" branch="false"/>
						<line number="44" hits="78" branch="false"/>
						<line number="48" hits="113" branch="false"/>
						<line number="52" hits="274" branch="false"/>
						<line number="57" hits="137" branch="false"/>
						<line number="59" hits="137" branch="true" condition-coverage="100% (2/2)">
							<conditions>
								<condition number="0" type="jump" coverage="100%"/>
							</conditions>
						</line>
						<line number="64" hits="137" branch="true" condition-coverage="50% (1/2)">
							<conditions>
								<condition number="0" type="jump" coverage="50%"/>
							</conditions>
						</line>
						<line number="71" hits="113" branch="false"/>
						<line number="72" hits="113" branch="true" condition-coverage="100% (2/2)">
							<conditions>
								<condition number="0" type="jump" coverage="100%"/>
							</conditions>
						</line>
						<line number="73" hits="35" branch="false"/>
						<line number="75" hits="113" branch="false"/>
						<line number="80" hits="123" branch="false"/>
						<line number="82" hits="123" branch="false"/>
						<line number="83" hits="123" branch="false"/>
						<line number="84" hits="251" branch="true" condition-coverage="100% (2/2)">
							<conditions>
								<condition number="0" type="jump" coverage="100%"/>
							</conditions>
						</line>
						<line number="85" hits="128" branch="false"/>
						<line number="86" hits="128" branch="true" condition-coverage="100% (2/2)">
							<conditions>
								<condition number="0" type="jump" coverage="100%"/>
							</conditions>
						</line>
						<line number="87" hits="28" branch="false"/>
						<line number="90" hits="123" branch="false"/>
						<line number="92" hits="123" branch="true" condition-coverage="100% (2/2)">
							<conditions>
								<condition number="0" type="jump" coverage="100%"/>
							</conditions>
						</line>
						<line number="96" hits="123" branch="false"/>
						<line number="97" hits="123" branch="false"/>
						<line number="99" hits="123" branch="false"/>
						<line number="100" hits="123" branch="false"/>
						<line number="102" hits="123" branch="true" condition-coverage="100% (4/4)">
							<conditions>
								<condition number="0" type="jump" coverage="100%"/>
								<condition number="1" type="jump" coverage="100%"/>
							</conditions>
						</line>
						<line number="104" hits="1" branch="false"/>
						<line number="107" hits="122" branch="true" condition-coverage="100% (2/2)">
							<conditions>
								<condition number="0" type="jump" coverage="100%"/>
							</conditions>
						</line>
						<line number="109" hits="7" branch="false"/>
						<line number="113" hits="115" branch="false"/>
						<line number="116" hits="122" branch="false"/>
						<line number="117" hits="122" branch="false"/>
					</lines>
				</class>
				<class name="uk.co.flamingpenguin.jewel.cli.Argument" filename="uk/co/flamingpenguin/jewel/cli/Argument.java" line-rate="1.0" branch-rate="1.0" complexity="1.0">
					<methods>
					</methods>
					<lines>
					</lines>
				</class>
				<class name="uk.co.flamingpenguin.jewel.cli.ArgumentCollection" filename="uk/co/flamingpenguin/jewel/cli/ArgumentCollection.java" line-rate="1.0" branch-rate="1.0" complexity="1.0">
					<methods>
					</methods>
					<lines>
					</lines>
				</class>
				<class name="uk.co.flamingpenguin.jewel.cli.ArgumentCollectionBuilder" filename="uk/co/flamingpenguin/jewel/cli/ArgumentCollectionBuilder.java" line-rate="1.0" branch-rate="1.0" complexity="1.0833333333333333">
					<methods>
						<method name="&lt;init&gt;" signature="()V" line-rate="1.0" branch-rate="1.0">
							<lines>
								<line number="86" hits="83" branch="false"/>
								<line number="87" hits="83" branch="false"/>
								<line number="89" hits="83" branch="false"/>
							</lines>
						</method>
						<method name="access$000" signature="(Luk/co/flamingpenguin/jewel/cli/ArgumentCollectionBuilder;Ljava/lang/String;)V" line-rate="1.0" branch-rate="1.0">
							<lines>
							</lines>
						</method>
						<method name="access$100" signature="(Luk/co/flamingpenguin/jewel/cli/ArgumentCollectionBuilder;Ljava/lang/String;)Luk/co/flamingpenguin/jewel/cli/ArgumentValidationException;" line-rate="1.0" branch-rate="1.0">
							<lines>
							</lines>
						</method>
						<method name="access$200" signature="(Luk/co/flamingpenguin/jewel/cli/ArgumentCollectionBuilder;)Ljava/util/List;" line-rate="1.0" branch-rate="1.0">
							<lines>
								<line number="24" hits="292" branch="false"/>
							</lines>
						</method>
						<method name="access$202" signature="(Luk/co/flamingpenguin/jewel/cli/ArgumentCollectionBuilder;Ljava/util/List;)Ljava/util/List;" line-rate="1.0" branch-rate="1.0">
							<lines>
							</lines>
						</method>
						<method name="access$300" signature="(Luk/co/flamingpenguin/jewel/cli/ArgumentCollectionBuilder;Ljava/lang/String;)V" line-rate="1.0" branch-rate="1.0">
							<lines>
							</lines>
						</method>
						<method name="addFirstValueForOption" signature="(Ljava/lang/String;)V" line-rate="1.0" branch-rate="1.0">
							<lines>
								<line number="141" hits="88" branch="false"/>
								<line number="142" hits="88" branch="false"/>
								<line number="143" hits="88" branch="false"/>
							</lines>
						</method>
						<method name="addOption" signature="(Ljava/lang/String;)V" line-rate="1.0" branch-rate="1.0">
							<lines>
								<line number="107" hits="92" branch="false"/>
								<line number="108" hits="88" branch="false"/>
							</lines>
						</method>
						<method name="addUnparsedValue" signature="(Ljava/lang/String;)V" line-rate="1.0" branch-rate="1.0">
							<lines>
								<line number="137" hits="24" branch="false"/>
								<line number="138" hits="24" branch="false"/>
							</lines>
						</method>
						<method name="addValue" signature="(Ljava/lang/String;)V" line-rate="1.0" branch-rate="1.0">
							<lines>
								<line number="102" hits="113" branch="false"/>
								<line number="103" hits="113" branch="false"/>
							</lines>
						</method>
						<method name="getParsedArguments" signature="()Luk/co/flamingpenguin/jewel/cli/ArgumentCollection;" line-rate="1.0" branch-rate="1.0">
							<lines>
								<line number="112" hits="79" branch="false"/>
							</lines>
						</method>
						<method name="isExpectingUnparsedOptions" signature="()Z" line-rate="1.0" branch-rate="1.0">
							<lines>
								<line number="97" hits="90" branch="false"/>
							</lines>
						</method>
						<method name="misplacedOption" signature="(Ljava/lang/String;)Luk/co/flamingpenguin/jewel/cli/ArgumentValidationException;" line-rate="1.0" branch-rate="1.0">
							<lines>
								<line number="118" hits="4" branch="false"/>
							</lines>
						</method>
						<method name="unparsedOptionsFollow" signature="()V" line-rate="1.0" branch-rate="1.0">
							<lines>
								<line number="93" hits="4" branch="false"/>
								<line number="94" hits="4" branch="false"/>
							</lines>
						</method>
					</methods>
					<lines>
						<line number="24" hits="292" branch="false"/>
						<line number="86" hits="83" branch="false"/>
						<line number="87" hits="83" branch="false"/>
						<line number="89" hits="83" branch="false"/>
						<line number="93" hits="4" branch="false"/>
						<line number="94" hits="4" branch="false"/>
						<line number="97" hits="90" branch="false"/>
						<line number="102" hits="113" branch="false"/>
						<line number="103" hits="113" branch="false"/>
						<line number="107" hits="92" branch="false"/>
						<line number="108" hits="88" branch="false"/>
						<line number="112" hits="79" branch="false"/>
						<line number="118" hits="4" branch="false"/>
						<line number="137" hits="24" branch="false"/>
						<line number="138" hits="24" branch="false"/>
						<line number="141" hits="88" branch="false"/>
						<line number="142" hits="88" branch="false"/>
						<line number="143" hits="88" branch="false"/>
					</lines>
				</class>
				<class name="uk.co.flamingpenguin.jewel.cli.ArgumentCollectionBuilder$1" filename="uk/co/flamingpenguin/jewel/cli/ArgumentCollectionBuilder.java" line-rate="1.0" branch-rate="1.0" complexity="1.0833333333333333">
					<methods>
						<method name="&lt;init&gt;" signature="(Luk/co/flamingpenguin/jewel/cli/ArgumentCollectionBuilder;Ljava/lang/String;)V" line-rate="1.0" branch-rate="1.0">
							<lines>
								<line number="118" hits="4" branch="false"/>
							</lines>
						</method>
						<method name="getErrorType" signature="()Luk/co/flamingpenguin/jewel/cli/ArgumentValidationException$ValidationError$ErrorType;" line-rate="1.0" branch-rate="1.0">
							<lines>
								<line number="121" hits="3" branch="false"/>
							</lines>
						</method>
						<method name="getMessage" signature="()Ljava/lang/String;" line-rate="1.0" branch-rate="1.0">
							<lines>
								<line number="126" hits="4" branch="false"/>
							</lines>
						</method>
						<method name="toString" signature="()Ljava/lang/String;" line-rate="1.0" branch-rate="1.0">
							<lines>
								<line number="131" hits="4" branch="false"/>
							</lines>
						</method>
					</methods>
					<lines>
						<line number="118" hits="4" branch="false"/>
						<line number="121" hits="3" branch="false"/>
						<line number="126" hits="4" branch="false"/>
						<line number="131" hits="4" branch="false"/>
					</lines>
				</class>
				<class name="uk.co.flamingpenguin.jewel.cli.ArgumentCollectionBuilder$IParsingState" filename="uk/co/flamingpenguin/jewel/cli/ArgumentCollectionBuilder.java" line-rate="1.0" branch-rate="1.0" complexity="1.0833333333333333">
					<methods>
					</methods>
					<lines>
					</lines>
				</class>
				<class name="uk.co.flamingpenguin.jewel.cli.ArgumentCollectionBuilder$Initial" filename="uk/co/flamingpenguin/jewel/cli/ArgumentCollectionBuilder.java" line-rate="1.0" branch-rate="1.0" complexity="1.0833333333333333">
					<methods>
						<method name="&lt;init&gt;" signature="(Luk/co/flamingpenguin/jewel/cli/ArgumentCollectionBuilder;)V" line-rate="1.0" branch-rate="1.0">
							<lines>
							</lines>
						</method>
						<method name="&lt;init&gt;" signature="(Luk/co/flamingpenguin/jewel/cli/ArgumentCollectionBuilder;Luk/co/flamingpenguin/jewel/cli/ArgumentCollectionBuilder$1;)V" line-rate="1.0" branch-rate="1.0">
							<lines>
								<line number="31" hits="166" branch="false"/>
							</lines>
						</method>
						<method name="addOption" signature="(Ljava/lang/String;)Luk/co/flamingpenguin/jewel/cli/ArgumentCollectionBuilder$IParsingState;" line-rate="1.0" branch-rate="1.0">
							<lines>
								<line number="37" hits="54" branch="false"/>
							</lines>
						</method>
						<method name="addValue" signature="(Ljava/lang/String;)Luk/co/flamingpenguin/jewel/cli/ArgumentCollectionBuilder$IParsingState;" line-rate="1.0" branch-rate="1.0">
							<lines>
								<line number="33" hits="10" branch="false"/>
							</lines>
						</method>
					</methods>
					<lines>
						<line number="31" hits="166" branch="false"/>
						<line number="33" hits="10" branch="false"/>
						<line number="37" hits="54" branch="false"/>
					</lines>
				</class>
				<class name="uk.co.flamingpenguin.jewel.cli.ArgumentCollectionBuilder$NoOptions" filename="uk/co/flamingpenguin/jewel/cli/ArgumentCollectionBuilder.java" line-rate="1.0" branch-rate="1.0" complexity="1.0833333333333333">
					<methods>
						<method name="&lt;init&gt;" signature="(Luk/co/flamingpenguin/jewel/cli/ArgumentCollectionBuilder;Ljava/lang/String;)V" line-rate="1.0" branch-rate="1.0">
							<lines>
								<line number="42" hits="10" branch="false"/>
								<line number="43" hits="10" branch="false"/>
								<line number="44" hits="10" branch="false"/>
							</lines>
						</method>
						<method name="addOption" signature="(Ljava/lang/String;)Luk/co/flamingpenguin/jewel/cli/ArgumentCollectionBuilder$IParsingState;" line-rate="1.0" branch-rate="1.0">
							<lines>
								<line number="52" hits="4" branch="false"/>
							</lines>
						</method>
						<method name="addValue" signature="(Ljava/lang/String;)Luk/co/flamingpenguin/jewel/cli/ArgumentCollectionBuilder$IParsingState;" line-rate="1.0" branch-rate="1.0">
							<lines>
								<line number="47" hits="8" branch="false"/>
								<line number="48" hits="8" branch="false"/>
							</lines>
						</method>
					</methods>
					<lines>
						<line number="42" hits="10" branch="false"/>
						<line number="43" hits="10" branch="false"/>
						<line number="44" hits="10" branch="false"/>
						<line number="47" hits="8" branch="false"/>
						<line number="48" hits="8" branch="false"/>
						<line number="52" hits="4" branch="false"/>
					</lines>
				</class>
				<class name="uk.co.flamingpenguin.jewel.cli.ArgumentCollectionBuilder$OptionOrValue" filename="uk/co/flamingpenguin/jewel/cli/ArgumentCollectionBuilder.java" line-rate="1.0" branch-rate="1.0" complexity="1.0833333333333333">
					<methods>
						<method name="&lt;init&gt;" signature="(Luk/co/flamingpenguin/jewel/cli/ArgumentCollectionBuilder;Ljava/lang/String;)V" line-rate="1.0" branch-rate="1.0">
							<lines>
								<line number="72" hits="88" branch="false"/>
								<line number="73" hits="88" branch="false"/>
								<line number="74" hits="88" branch="false"/>
							</lines>
						</method>
						<method name="addOption" signature="(Ljava/lang/String;)Luk/co/flamingpenguin/jewel/cli/ArgumentCollectionBuilder$IParsingState;" line-rate="1.0" branch-rate="1.0">
							<lines>
								<line number="82" hits="34" branch="false"/>
							</lines>
						</method>
						<method name="addValue" signature="(Ljava/lang/String;)Luk/co/flamingpenguin/jewel/cli/ArgumentCollectionBuilder$IParsingState;" line-rate="1.0" branch-rate="1.0">
							<lines>
								<line number="77" hits="89" branch="false"/>
								<line number="78" hits="89" branch="false"/>
							</lines>
						</method>
					</methods>
					<lines>
						<line number="72" hits="88" branch="false"/>
						<line number="73" hits="88" branch="false"/>
						<line number="74" hits="88" branch="false"/>
						<line number="77" hits="89" branch="false"/>
						<line number="78" hits="89" branch="false"/>
						<line number="82" hits="34" branch="false"/>
					</lines>
				</class>
				<class name="uk.co.flamingpenguin.jewel.cli.ArgumentCollectionBuilder$UnparsedState" filename="uk/co/flamingpenguin/jewel/cli/ArgumentCollectionBuilder.java" line-rate="0.8333333333333334" branch-rate="1.0" complexity="1.0833333333333333">
					<methods>
						<method name="&lt;init&gt;" signature="(Luk/co/flamingpenguin/jewel/cli/ArgumentCollectionBuilder;)V" line-rate="1.0" branch-rate="1.0">
							<lines>
								<line number="57" hits="4" branch="false"/>
								<line number="58" hits="4" branch="false"/>
								<line number="59" hits="4" branch="false"/>
							</lines>
						</method>
						<method name="addOption" signature="(Ljava/lang/String;)Luk/co/flamingpenguin/jewel/cli/ArgumentCollectionBuilder$IParsingState;" line-rate="0.0" branch-rate="1.0">
							<lines>
								<line number="67" hits="0" branch="false"/>
							</lines>
						</method>
						<method name="addValue" signature="(Ljava/lang/String;)Luk/co/flamingpenguin/jewel/cli/ArgumentCollectionBuilder$IParsingState;" line-rate="1.0" branch-rate="1.0">
							<lines>
								<line number="62" hits="6" branch="false"/>
								<line number="63" hits="6" branch="false"/>
							</lines>
						</method>
					</methods>
					<lines>
						<line number="57" hits="4" branch="false"/>
						<line number="58" hits="4" branch="false"/>
						<line number="59" hits="4" branch="false"/>
						<line number="62" hits="6" branch="false"/>
						<line number="63" hits="6" branch="false"/>
						<line number="67" hits="0" branch="false"/>
					</lines>
				</class>
				<class name="uk.co.flamingpenguin.jewel.cli.ArgumentCollectionImpl" filename="uk/co/flamingpenguin/jewel/cli/ArgumentCollectionImpl.java" line-rate="0.7272727272727273" branch-rate="0.5714285714285714" complexity="1.75">
					<methods>
						<method name="&lt;init&gt;" signature="(Ljava/util/Map;Ljava/util/List;)V" line-rate="1.0" branch-rate="1.0">
							<lines>
								<line number="30" hits="134" branch="false"/>
								<line number="31" hits="134" branch="false"/>
								<line number="32" hits="134" branch="false"/>
								<line number="33" hits="134" branch="false"/>
							</lines>
						</method>
						<method name="access$000" signature="(Luk/co/flamingpenguin/jewel/cli/ArgumentCollectionImpl;)Ljava/util/Map;" line-rate="1.0" branch-rate="1.0">
							<lines>
								<line number="24" hits="68" branch="false"/>
							</lines>
						</method>
						<method name="containsAny" signature="(Ljava/util/List;)Z" line-rate="1.0" branch-rate="1.0">
							<lines>
								<line number="78" hits="63" branch="true" condition-coverage="100% (2/2)">
									<conditions>
										<condition number="0" type="jump" coverage="100%"/>
									</conditions>
								</line>
								<line number="80" hits="68" branch="true" condition-coverage="100% (2/2)">
									<conditions>
										<condition number="0" type="jump" coverage="100%"/>
									</conditions>
								</line>
								<line number="82" hits="49" branch="false"/>
								<line number="85" hits="14" branch="false"/>
							</lines>
						</method>
						<method name="containsAny" signature="([Ljava/lang/String;)Z" line-rate="1.0" branch-rate="1.0">
							<lines>
								<line number="70" hits="9" branch="false"/>
							</lines>
						</method>
						<method name="getArgument" signature="(Ljava/util/List;)Luk/co/flamingpenguin/jewel/cli/Argument;" line-rate="1.0" branch-rate="1.0">
							<lines>
								<line number="89" hits="88" branch="true" condition-coverage="100% (2/2)">
									<conditions>
										<condition number="0" type="jump" coverage="100%"/>
									</conditions>
								</line>
								<line number="90" hits="93" branch="true" condition-coverage="100% (2/2)">
									<conditions>
										<condition number="0" type="jump" coverage="100%"/>
									</conditions>
								</line>
								<line number="91" hits="62" branch="false"/>
								<line number="94" hits="26" branch="false"/>
							</lines>
						</method>
						<method name="getUnparsed" signature="()Ljava/util/List;" line-rate="1.0" branch-rate="1.0">
							<lines>
								<line number="42" hits="98" branch="false"/>
							</lines>
						</method>
						<method name="getValues" signature="(Ljava/util/List;)Ljava/util/List;" line-rate="0.0" branch-rate="0.0">
							<lines>
								<line number="104" hits="0" branch="true" condition-coverage="0% (0/2)">
									<conditions>
										<condition number="0" type="jump" coverage="0%"/>
									</conditions>
								</line>
								<line number="106" hits="0" branch="true" condition-coverage="0% (0/2)">
									<conditions>
										<condition number="0" type="jump" coverage="0%"/>
									</conditions>
								</line>
								<line number="108" hits="0" branch="false"/>
								<line number="111" hits="0" branch="false"/>
							</lines>
						</method>
						<method name="getValues" signature="([Ljava/lang/String;)Ljava/util/List;" line-rate="0.0" branch-rate="1.0">
							<lines>
								<line number="99" hits="0" branch="false"/>
							</lines>
						</method>
						<method name="hasUnparsed" signature="()Z" line-rate="0.0" branch-rate="0.0">
							<lines>
								<line number="37" hits="0" branch="true" condition-coverage="0% (0/2)">
									<conditions>
										<condition number="0" type="jump" coverage="0%"/>
									</conditions>
								</line>
							</lines>
						</method>
						<method name="iterator" signature="()Ljava/util/Iterator;" line-rate="1.0" branch-rate="1.0">
							<lines>
								<line number="47" hits="68" branch="false"/>
							</lines>
						</method>
					</methods>
					<lines>
						<line number="24" hits="68" branch="false"/>
						<line number="30" hits="134" branch="false"/>
						<line number="31" hits="134" branch="false"/>
						<line number="32" hits="134" branch="false"/>
						<line number="33" hits="134" branch="false"/>
						<line number="37" hits="0" branch="true" condition-coverage="0% (0/2)">
							<conditions>
								<condition number="0" type="jump" coverage="0%"/>
							</conditions>
						</line>
						<line number="42" hits="98" branch="false"/>
						<line number="47" hits="68" branch="false"/>
						<line number="70" hits="9" branch="false"/>
						<line number="78" hits="63" branch="true" condition-coverage="100% (2/2)">
							<conditions>
								<condition number="0" type="jump" coverage="100%"/>
							</conditions>
						</line>
						<line number="80" hits="68" branch="true" condition-coverage="100% (2/2)">
							<conditions>
								<condition number="0" type="jump" coverage="100%"/>
							</conditions>
						</line>
						<line number="82" hits="49" branch="false"/>
						<line number="85" hits="14" branch="false"/>
						<line number="89" hits="88" branch="true" condition-coverage="100% (2/2)">
							<conditions>
								<condition number="0" type="jump" coverage="100%"/>
							</conditions>
						</line>
						<line number="90" hits="93" branch="true" condition-coverage="100% (2/2)">
							<conditions>
								<condition number="0" type="jump" coverage="100%"/>
							</conditions>
						</line>
						<line number="91" hits="62" branch="false"/>
						<line number="94" hits="26" branch="false"/>
						<line number="99" hits="0" branch="false"/>
						<line number="104" hits="0" branch="true" condition-coverage="0% (0/2)">
							<conditions>
								<condition number="0" type="jump" coverage="0%"/>
							</conditions>
						</line>
						<line number="106" hits="0" branch="true" condition-coverage="0% (0/2)">
							<conditions>
								<condition number="0" type="jump" coverage="0%"/>
							</conditions>
						</line>
						<line number="108" hits="0" branch="false"/>
						<line number="111" hits="0" branch="false"/>
					</lines>
				</class>
				<class name="uk.co.flamingpenguin.jewel.cli.ArgumentCollectionImpl$1" filename="uk/co/flamingpenguin/jewel/cli/ArgumentCollectionImpl.java" line-rate="0.7142857142857143" branch-rate="1.0" complexity="1.75">
					<methods>
						<method name="&lt;init&gt;" signature="(Luk/co/flamingpenguin/jewel/cli/ArgumentCollectionImpl;)V" line-rate="1.0" branch-rate="1.0">
							<lines>
								<line number="48" hits="68" branch="false"/>
							</lines>
						</method>
						<method name="hasNext" signature="()Z" line-rate="1.0" branch-rate="1.0">
							<lines>
								<line number="52" hits="209" branch="false"/>
							</lines>
						</method>
						<method name="next" signature="()Ljava/lang/Object;" line-rate="1.0" branch-rate="1.0">
							<lines>
								<line number="47" hits="141" branch="false"/>
							</lines>
						</method>
						<method name="next" signature="()Luk/co/flamingpenguin/jewel/cli/Argument;" line-rate="1.0" branch-rate="1.0">
							<lines>
								<line number="57" hits="73" branch="false"/>
								<line number="58" hits="73" branch="false"/>
							</lines>
						</method>
						<method name="remove" signature="()V" line-rate="0.0" branch-rate="1.0">
							<lines>
								<line number="63" hits="0" branch="false"/>
								<line number="64" hits="0" branch="false"/>
							</lines>
						</method>
					</methods>
					<lines>
						<line number="47" hits="141" branch="false"/>
						<line number="48" hits="68" branch="false"/>
						<line number="52" hits="209" branch="false"/>
						<line number="57" hits="73" branch="false"/>
						<line number="58" hits="73" branch="false"/>
						<line number="63" hits="0" branch="false"/>
						<line number="64" hits="0" branch="false"/>
					</lines>
				</class>
				<class name="uk.co.flamingpenguin.jewel.cli.ArgumentImpl" filename="uk/co/flamingpenguin/jewel/cli/ArgumentImpl.java" line-rate="1.0" branch-rate="1.0" complexity="1.0">
					<methods>
						<method name="&lt;init&gt;" signature="(Ljava/lang/String;Ljava/util/List;)V" line-rate="1.0" branch-rate="1.0">
							<lines>
								<line number="15" hits="135" branch="false"/>
								<line number="16" hits="135" branch="false"/>
								<line number="17" hits="135" branch="false"/>
								<line number="18" hits="135" branch="false"/>
							</lines>
						</method>
						<method name="getOptionName" signature="()Ljava/lang/String;" line-rate="1.0" branch-rate="1.0">
							<lines>
								<line number="25" hits="211" branch="false"/>
							</lines>
						</method>
						<method name="getValues" signature="()Ljava/util/List;" line-rate="1.0" branch-rate="1.0">
							<lines>
								<line number="33" hits="375" branch="false"/>
							</lines>
						</method>
					</methods>
					<lines>
						<line number="15" hits="135" branch="false"/>
						<line number="16" hits="135" branch="false"/>
						<line number="17" hits="135" branch="false"/>
						<line number="18" hits="135" branch="false"/>
						<line number="25" hits="211" branch="false"/>
						<line number="33" hits="375" branch="false"/>
					</lines>
				</class>
				<class name="uk.co.flamingpenguin.jewel.cli.ArgumentParser" filename="uk/co/flamingpenguin/jewel/cli/ArgumentParser.java" line-rate="1.0" branch-rate="1.0" complexity="1.0">
					<methods>
					</methods>
					<lines>
					</lines>
				</class>
				<class name="uk.co.flamingpenguin.jewel.cli.ArgumentParserImpl" filename="uk/co/flamingpenguin/jewel/cli/ArgumentParserImpl.java" line-rate="1.0" branch-rate="0.9" complexity="2.0">
					<methods>
						<method name="&lt;init&gt;" signature="()V" line-rate="1.0" branch-rate="1.0">
							<lines>
								<line number="3" hits="83" branch="false"/>
								<line number="5" hits="83" branch="false"/>
							</lines>
						</method>
						<method name="add" signature="(Ljava/lang/String;)V" line-rate="1.0" branch-rate="0.875">
							<lines>
								<line number="21" hits="202" branch="true" condition-coverage="75% (3/4)">
									<conditions>
										<condition number="0" type="jump" coverage="100%"/>
										<condition number="1" type="jump" coverage="50%"/>
									</conditions>
								</line>
								<line number="23" hits="90" branch="true" condition-coverage="100% (2/2)">
									<conditions>
										<condition number="0" type="jump" coverage="100%"/>
									</conditions>
								</line>
								<line number="25" hits="72" branch="true" condition-coverage="100% (2/2)">
									<conditions>
										<condition number="0" type="jump" coverage="100%"/>
									</conditions>
								</line>
								<line number="27" hits="68" branch="false"/>
								<line number="31" hits="4" branch="false"/>
								<line number="36" hits="18" branch="false"/>
								<line number="41" hits="112" branch="false"/>
								<line number="43" hits="198" branch="false"/>
							</lines>
						</method>
						<method name="addConjoinedOptions" signature="(Ljava/lang/String;)V" line-rate="1.0" branch-rate="1.0">
							<lines>
								<line number="47" hits="39" branch="true" condition-coverage="100% (2/2)">
									<conditions>
										<condition number="0" type="jump" coverage="100%"/>
									</conditions>
								</line>
								<line number="49" hits="24" branch="false"/>
								<line number="51" hits="15" branch="false"/>
							</lines>
						</method>
						<method name="addOption" signature="(Ljava/lang/String;)V" line-rate="1.0" branch-rate="1.0">
							<lines>
								<line number="78" hits="92" branch="false"/>
								<line number="79" hits="88" branch="false"/>
							</lines>
						</method>
						<method name="addOptionAndValue" signature="(Ljava/lang/String;)V" line-rate="1.0" branch-rate="0.75">
							<lines>
								<line number="55" hits="68" branch="true" condition-coverage="100% (2/2)">
									<conditions>
										<condition number="0" type="jump" coverage="100%"/>
									</conditions>
								</line>
								<line number="57" hits="1" branch="false"/>
								<line number="58" hits="1" branch="false"/>
								<line number="60" hits="1" branch="true" condition-coverage="50% (1/2)">
									<conditions>
										<condition number="0" type="jump" coverage="50%"/>
									</conditions>
								</line>
								<line number="62" hits="1" branch="false"/>
								<line number="64" hits="1" branch="false"/>
								<line number="67" hits="67" branch="false"/>
								<line number="69" hits="67" branch="false"/>
							</lines>
						</method>
						<method name="addValue" signature="(Ljava/lang/String;)V" line-rate="1.0" branch-rate="1.0">
							<lines>
								<line number="73" hits="113" branch="false"/>
								<line number="74" hits="113" branch="false"/>
							</lines>
						</method>
						<method name="getParsedArguments" signature="()Luk/co/flamingpenguin/jewel/cli/ArgumentCollection;" line-rate="1.0" branch-rate="1.0">
							<lines>
								<line number="83" hits="79" branch="false"/>
							</lines>
						</method>
						<method name="parseArguments" signature="([Ljava/lang/String;)Luk/co/flamingpenguin/jewel/cli/ArgumentCollection;" line-rate="1.0" branch-rate="1.0">
							<lines>
								<line number="12" hits="280" branch="true" condition-coverage="100% (2/2)">
									<conditions>
										<condition number="0" type="jump" coverage="100%"/>
									</conditions>
								</line>
								<line number="14" hits="202" branch="false"/>
								<line number="16" hits="78" branch="false"/>
							</lines>
						</method>
						<method name="startsWithDash" signature="(Ljava/lang/String;)Z" line-rate="1.0" branch-rate="1.0">
							<lines>
								<line number="88" hits="202" branch="true" condition-coverage="100% (4/4)">
									<conditions>
										<condition number="0" type="jump" coverage="100%"/>
										<condition number="1" type="jump" coverage="100%"/>
									</conditions>
								</line>
							</lines>
						</method>
						<method name="startsWithDoubleDash" signature="(Ljava/lang/String;)Z" line-rate="1.0" branch-rate="1.0">
							<lines>
								<line number="93" hits="90" branch="false"/>
							</lines>
						</method>
					</methods>
					<lines>
						<line number="3" hits="83" branch="false"/>
						<line number="5" hits="83" branch="false"/>
						<line number="12" hits="280" branch="true" condition-coverage="100% (2/2)">
							<conditions>
								<condition number="0" type="jump" coverage="100%"/>
							</conditions>
						</line>
						<line number="14" hits="202" branch="false"/>
						<line number="16" hits="78" branch="false"/>
						<line number="21" hits="202" branch="true" condition-coverage="75% (3/4)">
							<conditions>
								<condition number="0" type="jump" coverage="100%"/>
								<condition number="1" type="jump" coverage="50%"/>
							</conditions>
						</line>
						<line number="23" hits="90" branch="true" condition-coverage="100% (2/2)">
							<conditions>
								<condition number="0" type="jump" coverage="100%"/>
							</conditions>
						</line>
						<line number="25" hits="72" branch="true" condition-coverage="100% (2/2)">
							<conditions>
								<condition number="0" type="jump" coverage="100%"/>
							</conditions>
						</line>
						<line number="27" hits="68" branch="false"/>
						<line number="31" hits="4" branch="false"/>
						<line number="36" hits="18" branch="false"/>
						<line number="41" hits="112" branch="false"/>
						<line number="43" hits="198" branch="false"/>
						<line number="47" hits="39" branch="true" condition-coverage="100% (2/2)">
							<conditions>
								<condition number="0" type="jump" coverage="100%"/>
							</conditions>
						</line>
						<line number="49" hits="24" branch="false"/>
						<line number="51" hits="15" branch="false"/>
						<line number="55" hits="68" branch="true" condition-coverage="100% (2/2)">
							<conditions>
								<condition number="0" type="jump" coverage="100%"/>
							</conditions>
						</line>
						<line number="57" hits="1" branch="false"/>
						<line number="58" hits="1" branch="false"/>
						<line number="60" hits="1" branch="true" condition-coverage="50% (1/2)">
							<conditions>
								<condition number="0" type="jump" coverage="50%"/>
							</conditions>
						</line>
						<line number="62" hits="1" branch="false"/>
						<line number="64" hits="1" branch="false"/>
						<line number="67" hits="67" branch="false"/>
						<line number="69" hits="67" branch="false"/>
						<line number="73" hits="113" branch="false"/>
						<line number="74" hits="113" branch="false"/>
						<line number="78" hits="92" branch="false"/>
						<line number="79" hits="88" branch="false"/>
						<line number="83" hits="79" branch="false"/>
						<line number="88" hits="202" branch="true" condition-coverage="100% (4/4)">
							<conditions>
								<condition number="0" type="jump" coverage="100%"/>
								<condition number="1" type="jump" coverage="100%"/>
							</conditions>
						</line>
						<line number="93" hits="90" branch="false"/>
					</lines>
				</class>
				<class name="uk.co.flamingpenguin.jewel.cli.ArgumentPresenter" filename="uk/co/flamingpenguin/jewel/cli/ArgumentPresenter.java" line-rate="1.0" branch-rate="1.0" complexity="1.0">
					<methods>
					</methods>
					<lines>
					</lines>
				</class>
				<class name="uk.co.flamingpenguin.jewel.cli.ArgumentPresenterImpl" filename="uk/co/flamingpenguin/jewel/cli/ArgumentPresenterImpl.java" line-rate="1.0" branch-rate="0.8846153846153846" complexity="7.5">
					<methods>
						<method name="&lt;init&gt;" signature="(Lcom/lexicalscope/jewelcli/internal/fluentreflection/$ReflectedClass;Luk/co/flamingpenguin/jewel/cli/OptionsSpecification;Luk/co/flamingpenguin/jewel/cli/ArgumentPresentingStrategy;)V" line-rate="1.0" branch-rate="1.0">
							<lines>
								<line number="22" hits="55" branch="false"/>
								<line number="23" hits="55" branch="false"/>
								<line number="24" hits="55" branch="false"/>
								<line number="25" hits="55" branch="false"/>
								<line number="26" hits="55" branch="false"/>
							</lines>
						</method>
						<method name="presentArguments" signature="(Luk/co/flamingpenguin/jewel/cli/ArgumentCollection;)Ljava/lang/Object;" line-rate="1.0" branch-rate="0.8846153846153846">
							<lines>
								<line number="29" hits="55" branch="false"/>
								<line number="31" hits="55" branch="false"/>
								<line number="33" hits="55" branch="false"/>
								<line number="34" hits="55" branch="true" condition-coverage="100% (2/2)">
									<conditions>
										<condition number="0" type="jump" coverage="100%"/>
									</conditions>
								</line>
								<line number="35" hits="88" branch="false"/>
								<line number="38" hits="88" branch="false"/>
								<line number="40" hits="88" branch="false"/>
								<line number="41" hits="88" branch="true" condition-coverage="100% (2/2)">
									<conditions>
										<condition number="0" type="jump" coverage="100%"/>
									</conditions>
								</line>
								<line number="43" hits="11" branch="false"/>
								<line number="47" hits="77" branch="true" condition-coverage="75% (3/4)">
									<conditions>
										<condition number="0" type="jump" coverage="50%"/>
										<condition number="1" type="jump" coverage="100%"/>
									</conditions>
								</line>
								<line number="49" hits="2" branch="false"/>
								<line number="54" hits="88" branch="false"/>
								<line number="55" hits="88" branch="true" condition-coverage="100% (2/2)">
									<conditions>
										<condition number="0" type="jump" coverage="100%"/>
									</conditions>
								</line>
								<line number="56" hits="62" branch="true" condition-coverage="100% (2/2)">
									<conditions>
										<condition number="0" type="jump" coverage="100%"/>
									</conditions>
								</line>
								<line number="57" hits="8" branch="false"/>
								<line number="60" hits="54" branch="true" condition-coverage="100% (2/2)">
									<conditions>
										<condition number="0" type="jump" coverage="100%"/>
									</conditions>
								</line>
								<line number="61" hits="42" branch="false"/>
								<line number="64" hits="12" branch="true" condition-coverage="50% (1/2)">
									<conditions>
										<condition number="0" type="jump" coverage="50%"/>
									</conditions>
								</line>
								<line number="65" hits="12" branch="false"/>
								<line number="68" hits="88" branch="false"/>
								<line number="70" hits="55" branch="true" condition-coverage="100% (2/2)">
									<conditions>
										<condition number="0" type="jump" coverage="100%"/>
									</conditions>
								</line>
								<line number="71" hits="11" branch="false"/>
								<line number="72" hits="11" branch="true" condition-coverage="100% (2/2)">
									<conditions>
										<condition number="0" type="jump" coverage="100%"/>
									</conditions>
								</line>
								<line number="73" hits="11" branch="false"/>
								<line number="78" hits="11" branch="true" condition-coverage="100% (2/2)">
									<conditions>
										<condition number="0" type="jump" coverage="100%"/>
									</conditions>
								</line>
								<line number="80" hits="8" branch="true" condition-coverage="100% (2/2)">
									<conditions>
										<condition number="0" type="jump" coverage="100%"/>
									</conditions>
								</line>
								<line number="82" hits="6" branch="false"/>
								<line number="86" hits="2" branch="true" condition-coverage="50% (1/2)">
									<conditions>
										<condition number="0" type="jump" coverage="50%"/>
									</conditions>
								</line>
								<line number="88" hits="2" branch="false"/>
								<line number="93" hits="11" branch="false"/>
								<line number="95" hits="55" branch="false"/>
								<line number="96" hits="52" branch="false"/>
							</lines>
						</method>
					</methods>
					<lines>
						<line number="22" hits="55" branch="false"/>
						<line number="23" hits="55" branch="false"/>
						<line number="24" hits="55" branch="false"/>
						<line number="25" hits="55" branch="false"/>
						<line number="26" hits="55" branch="false"/>
						<line number="29" hits="55" branch="false"/>
						<line number="31" hits="55" branch="false"/>
						<line number="33" hits="55" branch="false"/>
						<line number="34" hits="55" branch="true" condition-coverage="100% (2/2)">
							<conditions>
								<condition number="0" type="jump" coverage="100%"/>
							</conditions>
						</line>
						<line number="35" hits="88" branch="false"/>
						<line number="38" hits="88" branch="false"/>
						<line number="40" hits="88" branch="false"/>
						<line number="41" hits="88" branch="true" condition-coverage="100% (2/2)">
							<conditions>
								<condition number="0" type="jump" coverage="100%"/>
							</conditions>
						</line>
						<line number="43" hits="11" branch="false"/>
						<line number="47" hits="77" branch="true" condition-coverage="75% (3/4)">
							<conditions>
								<condition number="0" type="jump" coverage="50%"/>
								<condition number="1" type="jump" coverage="100%"/>
							</conditions>
						</line>
						<line number="49" hits="2" branch="false"/>
						<line number="54" hits="88" branch="false"/>
						<line number="55" hits="88" branch="true" condition-coverage="100% (2/2)">
							<conditions>
								<condition number="0" type="jump" coverage="100%"/>
							</conditions>
						</line>
						<line number="56" hits="62" branch="true" condition-coverage="100% (2/2)">
							<conditions>
								<condition number="0" type="jump" coverage="100%"/>
							</conditions>
						</line>
						<line number="57" hits="8" branch="false"/>
						<line number="60" hits="54" branch="true" condition-coverage="100% (2/2)">
							<conditions>
								<condition number="0" type="jump" coverage="100%"/>
							</conditions>
						</line>
						<line number="61" hits="42" branch="false"/>
						<line number="64" hits="12" branch="true" condition-coverage="50% (1/2)">
							<conditions>
								<condition number="0" type="jump" coverage="50%"/>
							</conditions>
						</line>
						<line number="65" hits="12" branch="false"/>
						<line number="68" hits="88" branch="false"/>
						<line number="70" hits="55" branch="true" condition-coverage="100% (2/2)">
							<conditions>
								<condition number="0" type="jump" coverage="100%"/>
							</conditions>
						</line>
						<line number="71" hits="11" branch="false"/>
						<line number="72" hits="11" branch="true" condition-coverage="100% (2/2)">
							<conditions>
								<condition number="0" type="jump" coverage="100%"/>
							</conditions>
						</line>
						<line number="73" hits="11" branch="false"/>
						<line number="78" hits="11" branch="true" condition-coverage="100% (2/2)">
							<conditions>
								<condition number="0" type="jump" coverage="100%"/>
							</conditions>
						</line>
						<line number="80" hits="8" branch="true" condition-coverage="100% (2/2)">
							<conditions>
								<condition number="0" type="jump" coverage="100%"/>
							</conditions>
						</line>
						<line number="82" hits="6" branch="false"/>
						<line number="86" hits="2" branch="true" condition-coverage="50% (1/2)">
							<conditions>
								<condition number="0" type="jump" coverage="50%"/>
							</conditions>
						</line>
						<line number="88" hits="2" branch="false"/>
						<line number="93" hits="11" branch="false"/>
						<line number="95" hits="55" branch="false"/>
						<line number="96" hits="52" branch="false"/>
					</lines>
				</class>
				<class name="uk.co.flamingpenguin.jewel.cli.ArgumentPresentingStrategy" filename="uk/co/flamingpenguin/jewel/cli/ArgumentPresentingStrategy.java" line-rate="1.0" branch-rate="1.0" complexity="1.0">
					<methods>
					</methods>
					<lines>
					</lines>
				</class>
				<class name="uk.co.flamingpenguin.jewel.cli.ArgumentValidationException" filename="uk/co/flamingpenguin/jewel/cli/ArgumentValidationException.java" line-rate="0.875" branch-rate="1.0" complexity="1.03125">
					<methods>
						<method name="&lt;clinit&gt;" signature="()V" line-rate="1.0" branch-rate="1.0">
							<lines>
								<line number="20" hits="1" branch="false"/>
							</lines>
						</method>
						<method name="&lt;init&gt;" signature="(Ljava/util/List;)V" line-rate="1.0" branch-rate="1.0">
							<lines>
								<line number="154" hits="19" branch="false"/>
								<line number="155" hits="19" branch="false"/>
								<line number="157" hits="19" branch="false"/>
								<line number="159" hits="19" branch="false"/>
								<line number="160" hits="19" branch="true" condition-coverage="100% (2/2)">
									<conditions>
										<condition number="0" type="jump" coverage="100%"/>
									</conditions>
								</line>
								<line number="162" hits="22" branch="false"/>
								<line number="163" hits="22" branch="false"/>
								<line number="165" hits="19" branch="false"/>
								<line number="166" hits="19" branch="false"/>
							</lines>
						</method>
						<method name="&lt;init&gt;" signature="(Luk/co/flamingpenguin/jewel/cli/ArgumentValidationException$ValidationError;)V" line-rate="1.0" branch-rate="1.0">
							<lines>
								<line number="150" hits="4" branch="false"/>
								<line number="151" hits="4" branch="false"/>
							</lines>
						</method>
						<method name="access$100" signature="()Ljava/util/ResourceBundle;" line-rate="1.0" branch-rate="1.0">
							<lines>
								<line number="17" hits="18" branch="false"/>
							</lines>
						</method>
						<method name="createAdditionalValuesError" signature="(Luk/co/flamingpenguin/jewel/cli/OptionSpecification;)Luk/co/flamingpenguin/jewel/cli/ArgumentValidationException$ValidationError;" line-rate="0.0" branch-rate="1.0">
							<lines>
								<line number="186" hits="0" branch="false"/>
							</lines>
						</method>
						<method name="createInvalidValueForType" signature="(Luk/co/flamingpenguin/jewel/cli/OptionSpecification;Ljava/lang/String;)Luk/co/flamingpenguin/jewel/cli/ArgumentValidationException$ValidationError;" line-rate="1.0" branch-rate="1.0">
							<lines>
								<line number="206" hits="4" branch="false"/>
							</lines>
						</method>
						<method name="createMissingOptionError" signature="(Luk/co/flamingpenguin/jewel/cli/OptionSpecification;)Luk/co/flamingpenguin/jewel/cli/ArgumentValidationException$ValidationError;" line-rate="1.0" branch-rate="1.0">
							<lines>
								<line number="201" hits="12" branch="false"/>
							</lines>
						</method>
						<method name="createMissingValueError" signature="(Luk/co/flamingpenguin/jewel/cli/OptionSpecification;)Luk/co/flamingpenguin/jewel/cli/ArgumentValidationException$ValidationError;" line-rate="1.0" branch-rate="1.0">
							<lines>
								<line number="191" hits="1" branch="false"/>
							</lines>
						</method>
						<method name="createPatternMismatch" signature="(Luk/co/flamingpenguin/jewel/cli/OptionSpecification;Ljava/lang/String;)Luk/co/flamingpenguin/jewel/cli/ArgumentValidationException$ValidationError;" line-rate="1.0" branch-rate="1.0">
							<lines>
								<line number="216" hits="2" branch="false"/>
							</lines>
						</method>
						<method name="createUnableToConstructType" signature="(Luk/co/flamingpenguin/jewel/cli/OptionSpecification;Ljava/lang/String;)Luk/co/flamingpenguin/jewel/cli/ArgumentValidationException$ValidationError;" line-rate="0.0" branch-rate="1.0">
							<lines>
								<line number="211" hits="0" branch="false"/>
							</lines>
						</method>
						<method name="createUnexpectedOptionError" signature="(Ljava/lang/String;)Luk/co/flamingpenguin/jewel/cli/ArgumentValidationException$ValidationError;" line-rate="1.0" branch-rate="1.0">
							<lines>
								<line number="181" hits="3" branch="false"/>
							</lines>
						</method>
						<method name="createUnexpectedValueError" signature="(Luk/co/flamingpenguin/jewel/cli/OptionSpecification;)Luk/co/flamingpenguin/jewel/cli/ArgumentValidationException$ValidationError;" line-rate="0.0" branch-rate="1.0">
							<lines>
								<line number="196" hits="0" branch="false"/>
							</lines>
						</method>
						<method name="createhelpRequested" signature="(Luk/co/flamingpenguin/jewel/cli/OptionsSpecification;)Luk/co/flamingpenguin/jewel/cli/ArgumentValidationException$ValidationError;" line-rate="1.0" branch-rate="1.0">
							<lines>
								<line number="221" hits="1" branch="false"/>
							</lines>
						</method>
						<method name="getMessage" signature="()Ljava/lang/String;" line-rate="1.0" branch-rate="1.0">
							<lines>
								<line number="176" hits="7" branch="false"/>
							</lines>
						</method>
						<method name="getValidationErrors" signature="()Ljava/util/ArrayList;" line-rate="1.0" branch-rate="1.0">
							<lines>
								<line number="170" hits="18" branch="false"/>
							</lines>
						</method>
					</methods>
					<lines>
						<line number="17" hits="18" branch="false"/>
						<line number="20" hits="1" branch="false"/>
						<line number="150" hits="4" branch="false"/>
						<line number="151" hits="4" branch="false"/>
						<line number="154" hits="19" branch="false"/>
						<line number="155" hits="19" branch="false"/>
						<line number="157" hits="19" branch="false"/>
						<line number="159" hits="19" branch="false"/>
						<line number="160" hits="19" branch="true" condition-coverage="100% (2/2)">
							<conditions>
								<condition number="0" type="jump" coverage="100%"/>
							</conditions>
						</line>
						<line number="162" hits="22" branch="false"/>
						<line number="163" hits="22" branch="false"/>
						<line number="165" hits="19" branch="false"/>
						<line number="166" hits="19" branch="false"/>
						<line number="170" hits="18" branch="false"/>
						<line number="176" hits="7" branch="false"/>
						<line number="181" hits="3" branch="false"/>
						<line number="186" hits="0" branch="false"/>
						<line number="191" hits="1" branch="false"/>
						<line number="196" hits="0" branch="false"/>
						<line number="201" hits="12" branch="false"/>
						<line number="206" hits="4" branch="false"/>
						<line number="211" hits="0" branch="false"/>
						<line number="216" hits="2" branch="false"/>
						<line number="221" hits="1" branch="false"/>
					</lines>
				</class>
				<class name="uk.co.flamingpenguin.jewel.cli.ArgumentValidationException$1" filename="uk/co/flamingpenguin/jewel/cli/ArgumentValidationException.java" line-rate="1.0" branch-rate="1.0" complexity="1.03125">
					<methods>
					</methods>
					<lines>
					</lines>
				</class>
				<class name="uk.co.flamingpenguin.jewel.cli.ArgumentValidationException$ValidationError" filename="uk/co/flamingpenguin/jewel/cli/ArgumentValidationException.java" line-rate="1.0" branch-rate="1.0" complexity="1.03125">
					<methods>
					</methods>
					<lines>
					</lines>
				</class>
				<class name="uk.co.flamingpenguin.jewel.cli.ArgumentValidationException$ValidationError$ErrorType" filename="uk/co/flamingpenguin/jewel/cli/ArgumentValidationException.java" line-rate="1.0" branch-rate="1.0" complexity="1.03125">
					<methods>
						<method name="&lt;clinit&gt;" signature="()V" line-rate="1.0" branch-rate="1.0">
							<lines>
								<line number="24" hits="21" branch="false"/>
								<line number="26" hits="1" branch="false"/>
								<line number="33" hits="1" branch="false"/>
								<line number="40" hits="1" branch="false"/>
								<line number="47" hits="1" branch="false"/>
								<line number="54" hits="1" branch="false"/>
								<line number="61" hits="1" branch="false"/>
								<line number="68" hits="1" branch="false"/>
								<line number="75" hits="1" branch="false"/>
								<line number="82" hits="1" branch="false"/>
								<line number="89" hits="1" branch="false"/>
							</lines>
						</method>
						<method name="&lt;init&gt;" signature="(Ljava/lang/String;I)V" line-rate="1.0" branch-rate="1.0">
							<lines>
							</lines>
						</method>
						<method name="&lt;init&gt;" signature="(Ljava/lang/String;ILuk/co/flamingpenguin/jewel/cli/ArgumentValidationException$1;)V" line-rate="1.0" branch-rate="1.0">
							<lines>
							</lines>
						</method>
						<method name="valueOf" signature="(Ljava/lang/String;)Luk/co/flamingpenguin/jewel/cli/ArgumentValidationException$ValidationError$ErrorType;" line-rate="1.0" branch-rate="1.0">
							<lines>
							</lines>
						</method>
						<method name="values" signature="()[Luk/co/flamingpenguin/jewel/cli/ArgumentValidationException$ValidationError$ErrorType;" line-rate="1.0" branch-rate="1.0">
							<lines>
							</lines>
						</method>
					</methods>
					<lines>
						<line number="24" hits="21" branch="false"/>
						<line number="26" hits="1" branch="false"/>
						<line number="33" hits="1" branch="false"/>
						<line number="40" hits="1" branch="false"/>
						<line number="47" hits="1" branch="false"/>
						<line number="54" hits="1" branch="false"/>
						<line number="61" hits="1" branch="false"/>
						<line number="68" hits="1" branch="false"/>
						<line number="75" hits="1" branch="false"/>
						<line number="82" hits="1" branch="false"/>
						<line number="89" hits="1" branch="false"/>
					</lines>
				</class>
				<class name="uk.co.flamingpenguin.jewel.cli.ArgumentValidationException$ValidationError$ErrorType$1" filename="uk/co/flamingpenguin/jewel/cli/ArgumentValidationException.java" line-rate="1.0" branch-rate="1.0" complexity="1.03125">
					<methods>
						<method name="&lt;init&gt;" signature="(Ljava/lang/String;I)V" line-rate="1.0" branch-rate="1.0">
							<lines>
								<line number="26" hits="1" branch="false"/>
							</lines>
						</method>
						<method name="getDescription" signature="(Luk/co/flamingpenguin/jewel/cli/ArgumentValidationException$ValidationError;)Ljava/lang/String;" line-rate="1.0" branch-rate="1.0">
							<lines>
								<line number="30" hits="3" branch="false"/>
							</lines>
						</method>
					</methods>
					<lines>
						<line number="26" hits="1" branch="false"/>
						<line number="30" hits="3" branch="false"/>
					</lines>
				</class>
				<class name="uk.co.flamingpenguin.jewel.cli.ArgumentValidationException$ValidationError$ErrorType$10" filename="uk/co/flamingpenguin/jewel/cli/ArgumentValidationException.java" line-rate="0.5" branch-rate="1.0" complexity="1.03125">
					<methods>
						<method name="&lt;init&gt;" signature="(Ljava/lang/String;I)V" line-rate="1.0" branch-rate="1.0">
							<lines>
								<line number="89" hits="1" branch="false"/>
							</lines>
						</method>
						<method name="getDescription" signature="(Luk/co/flamingpenguin/jewel/cli/ArgumentValidationException$ValidationError;)Ljava/lang/String;" line-rate="0.0" branch-rate="1.0">
							<lines>
								<line number="93" hits="0" branch="false"/>
							</lines>
						</method>
					</methods>
					<lines>
						<line number="89" hits="1" branch="false"/>
						<line number="93" hits="0" branch="false"/>
					</lines>
				</class>
				<class name="uk.co.flamingpenguin.jewel.cli.ArgumentValidationException$ValidationError$ErrorType$2" filename="uk/co/flamingpenguin/jewel/cli/ArgumentValidationException.java" line-rate="1.0" branch-rate="1.0" complexity="1.03125">
					<methods>
						<method name="&lt;init&gt;" signature="(Ljava/lang/String;I)V" line-rate="1.0" branch-rate="1.0">
							<lines>
								<line number="33" hits="1" branch="false"/>
							</lines>
						</method>
						<method name="getDescription" signature="(Luk/co/flamingpenguin/jewel/cli/ArgumentValidationException$ValidationError;)Ljava/lang/String;" line-rate="1.0" branch-rate="1.0">
							<lines>
								<line number="37" hits="1" branch="false"/>
							</lines>
						</method>
					</methods>
					<lines>
						<line number="33" hits="1" branch="false"/>
						<line number="37" hits="1" branch="false"/>
					</lines>
				</class>
				<class name="uk.co.flamingpenguin.jewel.cli.ArgumentValidationException$ValidationError$ErrorType$3" filename="uk/co/flamingpenguin/jewel/cli/ArgumentValidationException.java" line-rate="0.5" branch-rate="1.0" complexity="1.03125">
					<methods>
						<method name="&lt;init&gt;" signature="(Ljava/lang/String;I)V" line-rate="1.0" branch-rate="1.0">
							<lines>
								<line number="40" hits="1" branch="false"/>
							</lines>
						</method>
						<method name="getDescription" signature="(Luk/co/flamingpenguin/jewel/cli/ArgumentValidationException$ValidationError;)Ljava/lang/String;" line-rate="0.0" branch-rate="1.0">
							<lines>
								<line number="44" hits="0" branch="false"/>
							</lines>
						</method>
					</methods>
					<lines>
						<line number="40" hits="1" branch="false"/>
						<line number="44" hits="0" branch="false"/>
					</lines>
				</class>
				<class name="uk.co.flamingpenguin.jewel.cli.ArgumentValidationException$ValidationError$ErrorType$4" filename="uk/co/flamingpenguin/jewel/cli/ArgumentValidationException.java" line-rate="0.5" branch-rate="1.0" complexity="1.03125">
					<methods>
						<method name="&lt;init&gt;" signature="(Ljava/lang/String;I)V" line-rate="1.0" branch-rate="1.0">
							<lines>
								<line number="47" hits="1" branch="false"/>
							</lines>
						</method>
						<method name="getDescription" signature="(Luk/co/flamingpenguin/jewel/cli/ArgumentValidationException$ValidationError;)Ljava/lang/String;" line-rate="0.0" branch-rate="1.0">
							<lines>
								<line number="51" hits="0" branch="false"/>
							</lines>
						</method>
					</methods>
					<lines>
						<line number="47" hits="1" branch="false"/>
						<line number="51" hits="0" branch="false"/>
					</lines>
				</class>
				<class name="uk.co.flamingpenguin.jewel.cli.ArgumentValidationException$ValidationError$ErrorType$5" filename="uk/co/flamingpenguin/jewel/cli/ArgumentValidationException.java" line-rate="0.5" branch-rate="1.0" complexity="1.03125">
					<methods>
						<method name="&lt;init&gt;" signature="(Ljava/lang/String;I)V" line-rate="1.0" branch-rate="1.0">
							<lines>
								<line number="54" hits="1" branch="false"/>
							</lines>
						</method>
						<method name="getDescription" signature="(Luk/co/flamingpenguin/jewel/cli/ArgumentValidationException$ValidationError;)Ljava/lang/String;" line-rate="0.0" branch-rate="1.0">
							<lines>
								<line number="58" hits="0" branch="false"/>
							</lines>
						</method>
					</methods>
					<lines>
						<line number="54" hits="1" branch="false"/>
						<line number="58" hits="0" branch="false"/>
					</lines>
				</class>
				<class name="uk.co.flamingpenguin.jewel.cli.ArgumentValidationException$ValidationError$ErrorType$6" filename="uk/co/flamingpenguin/jewel/cli/ArgumentValidationException.java" line-rate="1.0" branch-rate="1.0" complexity="1.03125">
					<methods>
						<method name="&lt;init&gt;" signature="(Ljava/lang/String;I)V" line-rate="1.0" branch-rate="1.0">
							<lines>
								<line number="61" hits="1" branch="false"/>
							</lines>
						</method>
						<method name="getDescription" signature="(Luk/co/flamingpenguin/jewel/cli/ArgumentValidationException$ValidationError;)Ljava/lang/String;" line-rate="1.0" branch-rate="1.0">
							<lines>
								<line number="65" hits="7" branch="false"/>
							</lines>
						</method>
					</methods>
					<lines>
						<line number="61" hits="1" branch="false"/>
						<line number="65" hits="7" branch="false"/>
					</lines>
				</class>
				<class name="uk.co.flamingpenguin.jewel.cli.ArgumentValidationException$ValidationError$ErrorType$7" filename="uk/co/flamingpenguin/jewel/cli/ArgumentValidationException.java" line-rate="1.0" branch-rate="1.0" complexity="1.03125">
					<methods>
						<method name="&lt;init&gt;" signature="(Ljava/lang/String;I)V" line-rate="1.0" branch-rate="1.0">
							<lines>
								<line number="68" hits="1" branch="false"/>
							</lines>
						</method>
						<method name="getDescription" signature="(Luk/co/flamingpenguin/jewel/cli/ArgumentValidationException$ValidationError;)Ljava/lang/String;" line-rate="1.0" branch-rate="1.0">
							<lines>
								<line number="72" hits="4" branch="false"/>
							</lines>
						</method>
					</methods>
					<lines>
						<line number="68" hits="1" branch="false"/>
						<line number="72" hits="4" branch="false"/>
					</lines>
				</class>
				<class name="uk.co.flamingpenguin.jewel.cli.ArgumentValidationException$ValidationError$ErrorType$8" filename="uk/co/flamingpenguin/jewel/cli/ArgumentValidationException.java" line-rate="0.5" branch-rate="1.0" complexity="1.03125">
					<methods>
						<method name="&lt;init&gt;" signature="(Ljava/lang/String;I)V" line-rate="1.0" branch-rate="1.0">
							<lines>
								<line number="75" hits="1" branch="false"/>
							</lines>
						</method>
						<method name="getDescription" signature="(Luk/co/flamingpenguin/jewel/cli/ArgumentValidationException$ValidationError;)Ljava/lang/String;" line-rate="0.0" branch-rate="1.0">
							<lines>
								<line number="79" hits="0" branch="false"/>
							</lines>
						</method>
					</methods>
					<lines>
						<line number="75" hits="1" branch="false"/>
						<line number="79" hits="0" branch="false"/>
					</lines>
				</class>
				<class name="uk.co.flamingpenguin.jewel.cli.ArgumentValidationException$ValidationError$ErrorType$9" filename="uk/co/flamingpenguin/jewel/cli/ArgumentValidationException.java" line-rate="1.0" branch-rate="1.0" complexity="1.03125">
					<methods>
						<method name="&lt;init&gt;" signature="(Ljava/lang/String;I)V" line-rate="1.0" branch-rate="1.0">
							<lines>
								<line number="82" hits="1" branch="false"/>
							</lines>
						</method>
						<method name="getDescription" signature="(Luk/co/flamingpenguin/jewel/cli/ArgumentValidationException$ValidationError;)Ljava/lang/String;" line-rate="1.0" branch-rate="1.0">
							<lines>
								<line number="86" hits="3" branch="false"/>
							</lines>
						</method>
					</methods>
					<lines>
						<line number="82" hits="1" branch="false"/>
						<line number="86" hits="3" branch="false"/>
					</lines>
				</class>
				<class name="uk.co.flamingpenguin.jewel.cli.ArgumentValidationException$ValidationErrorImpl" filename="uk/co/flamingpenguin/jewel/cli/ArgumentValidationException.java" line-rate="1.0" branch-rate="1.0" complexity="1.03125">
					<methods>
						<method name="&lt;init&gt;" signature="(Luk/co/flamingpenguin/jewel/cli/ArgumentValidationException$ValidationError$ErrorType;Luk/co/flamingpenguin/jewel/cli/OptionSpecification;)V" line-rate="1.0" branch-rate="1.0">
							<lines>
								<line number="113" hits="16" branch="false"/>
								<line number="114" hits="16" branch="false"/>
							</lines>
						</method>
						<method name="&lt;init&gt;" signature="(Luk/co/flamingpenguin/jewel/cli/ArgumentValidationException$ValidationError$ErrorType;Luk/co/flamingpenguin/jewel/cli/OptionSpecification;Ljava/lang/String;)V" line-rate="1.0" branch-rate="1.0">
							<lines>
								<line number="117" hits="22" branch="false"/>
								<line number="118" hits="22" branch="false"/>
								<line number="119" hits="22" branch="false"/>
								<line number="120" hits="22" branch="false"/>
								<line number="121" hits="22" branch="false"/>
							</lines>
						</method>
						<method name="getErrorType" signature="()Luk/co/flamingpenguin/jewel/cli/ArgumentValidationException$ValidationError$ErrorType;" line-rate="1.0" branch-rate="1.0">
							<lines>
								<line number="125" hits="44" branch="false"/>
							</lines>
						</method>
						<method name="getMessage" signature="()Ljava/lang/String;" line-rate="1.0" branch-rate="1.0">
							<lines>
								<line number="141" hits="9" branch="false"/>
							</lines>
						</method>
						<method name="getSpecification" signature="()Luk/co/flamingpenguin/jewel/cli/OptionSpecification;" line-rate="1.0" branch-rate="1.0">
							<lines>
								<line number="130" hits="18" branch="false"/>
							</lines>
						</method>
						<method name="toString" signature="()Ljava/lang/String;" line-rate="1.0" branch-rate="1.0">
							<lines>
								<line number="136" hits="18" branch="false"/>
							</lines>
						</method>
					</methods>
					<lines>
						<line number="113" hits="16" branch="false"/>
						<line number="114" hits="16" branch="false"/>
						<line number="117" hits="22" branch="false"/>
						<line number="118" hits="22" branch="false"/>
						<line number="119" hits="22" branch="false"/>
						<line number="120" hits="22" branch="false"/>
						<line number="121" hits="22" branch="false"/>
						<line number="125" hits="44" branch="false"/>
						<line number="130" hits="18" branch="false"/>
						<line number="136" hits="18" branch="false"/>
						<line number="141" hits="9" branch="false"/>
					</lines>
				</class>
				<class name="uk.co.flamingpenguin.jewel.cli.ArgumentValidator" filename="uk/co/flamingpenguin/jewel/cli/ArgumentValidator.java" line-rate="1.0" branch-rate="1.0" complexity="1.0">
					<methods>
					</methods>
					<lines>
					</lines>
				</class>
				<class name="uk.co.flamingpenguin.jewel.cli.ArgumentValidatorImpl" filename="uk/co/flamingpenguin/jewel/cli/ArgumentValidatorImpl.java" line-rate="0.9245283018867925" branch-rate="0.9333333333333333" complexity="5.666666666666667">
					<methods>
						<method name="&lt;init&gt;" signature="(Luk/co/flamingpenguin/jewel/cli/OptionsSpecification;)V" line-rate="1.0" branch-rate="1.0">
							<lines>
								<line number="31" hits="66" branch="false"/>
								<line number="32" hits="66" branch="false"/>
								<line number="34" hits="66" branch="false"/>
								<line number="35" hits="66" branch="false"/>
								<line number="37" hits="66" branch="false"/>
								<line number="38" hits="66" branch="false"/>
							</lines>
						</method>
						<method name="checkAndAddValues" signature="(Luk/co/flamingpenguin/jewel/cli/ParsedOptionSpecification;Ljava/lang/String;Ljava/util/ArrayList;)V" line-rate="1.0" branch-rate="1.0">
							<lines>
								<line number="152" hits="64" branch="true" condition-coverage="100% (2/2)">
									<conditions>
										<condition number="0" type="jump" coverage="100%"/>
									</conditions>
								</line>
								<line number="154" hits="62" branch="true" condition-coverage="100% (2/2)">
									<conditions>
										<condition number="0" type="jump" coverage="100%"/>
									</conditions>
								</line>
								<line number="156" hits="2" branch="false"/>
								<line number="159" hits="64" branch="false"/>
								<line number="160" hits="64" branch="false"/>
							</lines>
						</method>
						<method name="hasExcessValues" signature="(Luk/co/flamingpenguin/jewel/cli/Argument;Luk/co/flamingpenguin/jewel/cli/ParsedOptionSpecification;)Z" line-rate="1.0" branch-rate="1.0">
							<lines>
								<line number="143" hits="43" branch="true" condition-coverage="100% (8/8)">
									<conditions>
										<condition number="0" type="jump" coverage="100%"/>
										<condition number="1" type="jump" coverage="100%"/>
										<condition number="2" type="jump" coverage="100%"/>
										<condition number="3" type="jump" coverage="100%"/>
[...]
							<conditions>
								<condition number="0" type="jump" coverage="0%"/>
							</conditions>
						</line>
					</lines>
				</class>
				<class name="uk.co.flamingpenguin.jewel.cli.UnexpectedOptionSpecification" filename="uk/co/flamingpenguin/jewel/cli/UnexpectedOptionSpecification.java" line-rate="0.5" branch-rate="1.0" complexity="1.0">
					<methods>
						<method name="&lt;init&gt;" signature="(Ljava/lang/String;)V" line-rate="1.0" branch-rate="1.0">
							<lines>
								<line number="10" hits="3" branch="false"/>
								<line number="11" hits="3" branch="false"/>
								<line number="12" hits="3" branch="false"/>
							</lines>
						</method>
						<method name="getCanonicalIdentifier" signature="()Ljava/lang/String;" line-rate="0.0" branch-rate="1.0">
							<lines>
								<line number="15" hits="0" branch="false"/>
							</lines>
						</method>
						<method name="getMethod" signature="()Lcom/lexicalscope/jewelcli/internal/fluentreflection/$ReflectedMethod;" line-rate="0.0" branch-rate="1.0">
							<lines>
								<line number="34" hits="0" branch="false"/>
							</lines>
						</method>
						<method name="getOptionalityMethod" signature="()Lcom/lexicalscope/jewelcli/internal/fluentreflection/$ReflectedMethod;" line-rate="0.0" branch-rate="1.0">
							<lines>
								<line number="38" hits="0" branch="false"/>
							</lines>
						</method>
						<method name="getType" signature="()Ljava/lang/Class;" line-rate="0.0" branch-rate="1.0">
							<lines>
								<line number="20" hits="0" branch="false"/>
							</lines>
						</method>
						<method name="isMultiValued" signature="()Z" line-rate="0.0" branch-rate="1.0">
							<lines>
								<line number="25" hits="0" branch="false"/>
							</lines>
						</method>
						<method name="isOptional" signature="()Z" line-rate="0.0" branch-rate="1.0">
							<lines>
								<line number="30" hits="0" branch="false"/>
							</lines>
						</method>
						<method name="toString" signature="()Ljava/lang/String;" line-rate="1.0" branch-rate="1.0">
							<lines>
								<line number="43" hits="3" branch="false"/>
								<line number="44" hits="3" branch="false"/>
								<line number="45" hits="3" branch="false"/>
							</lines>
						</method>
					</methods>
					<lines>
						<line number="10" hits="3" branch="false"/>
						<line number="11" hits="3" branch="false"/>
						<line number="12" hits="3" branch="false"/>
						<line number="15" hits="0" branch="false"/>
						<line number="20" hits="0" branch="false"/>
						<line number="25" hits="0" branch="false"/>
						<line number="30" hits="0" branch="false"/>
						<line number="34" hits="0" branch="false"/>
						<line number="38" hits="0" branch="false"/>
						<line number="43" hits="3" branch="false"/>
						<line number="44" hits="3" branch="false"/>
						<line number="45" hits="3" branch="false"/>
					</lines>
				</class>
				<class name="uk.co.flamingpenguin.jewel.cli.Unparsed" filename="uk/co/flamingpenguin/jewel/cli/Unparsed.java" line-rate="1.0" branch-rate="1.0" complexity="0.0">
					<methods>
					</methods>
					<lines>
					</lines>
				</class>
				<class name="uk.co.flamingpenguin.jewel.cli.UnparsedOptionSpecification" filename="uk/co/flamingpenguin/jewel/cli/UnparsedOptionSpecification.java" line-rate="1.0" branch-rate="1.0" complexity="1.0">
					<methods>
					</methods>
					<lines>
					</lines>
				</class>
				<class name="uk.co.flamingpenguin.jewel.cli.UnparsedOptionSpecificationBuilder" filename="uk/co/flamingpenguin/jewel/cli/UnparsedOptionSpecificationBuilder.java" line-rate="1.0" branch-rate="1.0" complexity="1.0">
					<methods>
						<method name="&lt;init&gt;" signature="(Lcom/lexicalscope/jewelcli/internal/fluentreflection/$ReflectedMethod;)V" line-rate="1.0" branch-rate="1.0">
							<lines>
								<line number="26" hits="14" branch="false"/>
								<line number="27" hits="14" branch="false"/>
								<line number="28" hits="14" branch="false"/>
							</lines>
						</method>
						<method name="createOptionSpecification" signature="()Luk/co/flamingpenguin/jewel/cli/UnparsedOptionSpecification;" line-rate="1.0" branch-rate="1.0">
							<lines>
								<line number="47" hits="14" branch="false"/>
							</lines>
						</method>
						<method name="setMultiValued" signature="(Z)V" line-rate="1.0" branch-rate="1.0">
							<lines>
								<line number="35" hits="14" branch="false"/>
								<line number="36" hits="14" branch="false"/>
							</lines>
						</method>
						<method name="setOptionalityMethod" signature="(Lcom/lexicalscope/jewelcli/internal/fluentreflection/$ReflectedMethod;)V" line-rate="1.0" branch-rate="1.0">
							<lines>
								<line number="39" hits="3" branch="false"/>
								<line number="40" hits="3" branch="false"/>
							</lines>
						</method>
						<method name="setType" signature="(Lcom/lexicalscope/jewelcli/internal/fluentreflection/$ReflectedClass;)V" line-rate="1.0" branch-rate="1.0">
							<lines>
								<line number="31" hits="14" branch="false"/>
								<line number="32" hits="14" branch="false"/>
							</lines>
						</method>
						<method name="setValueName" signature="(Ljava/lang/String;)V" line-rate="1.0" branch-rate="1.0">
							<lines>
								<line number="43" hits="14" branch="false"/>
								<line number="44" hits="14" branch="false"/>
							</lines>
						</method>
					</methods>
					<lines>
						<line number="26" hits="14" branch="false"/>
						<line number="27" hits="14" branch="false"/>
						<line number="28" hits="14" branch="false"/>
						<line number="31" hits="14" branch="false"/>
						<line number="32" hits="14" branch="false"/>
						<line number="35" hits="14" branch="false"/>
						<line number="36" hits="14" branch="false"/>
						<line number="39" hits="3" branch="false"/>
						<line number="40" hits="3" branch="false"/>
						<line number="43" hits="14" branch="false"/>
						<line number="44" hits="14" branch="false"/>
						<line number="47" hits="14" branch="false"/>
					</lines>
				</class>
				<class name="uk.co.flamingpenguin.jewel.cli.UnparsedOptionSpecificationImpl" filename="uk/co/flamingpenguin/jewel/cli/UnparsedOptionSpecificationImpl.java" line-rate="0.8666666666666667" branch-rate="1.0" complexity="1.1111111111111112">
					<methods>
						<method name="&lt;init&gt;" signature="(Ljava/lang/String;Ljava/lang/Class;ZLcom/lexicalscope/jewelcli/internal/fluentreflection/$ReflectedMethod;Lcom/lexicalscope/jewelcli/internal/fluentreflection/$ReflectedMethod;)V" line-rate="1.0" branch-rate="1.0">
							<lines>
								<line number="32" hits="14" branch="false"/>
								<line number="33" hits="14" branch="false"/>
								<line number="34" hits="14" branch="false"/>
								<line number="35" hits="14" branch="false"/>
								<line number="36" hits="14" branch="false"/>
								<line number="37" hits="14" branch="false"/>
								<line number="38" hits="14" branch="false"/>
							</lines>
						</method>
						<method name="getCanonicalIdentifier" signature="()Ljava/lang/String;" line-rate="0.0" branch-rate="1.0">
							<lines>
								<line number="53" hits="0" branch="false"/>
							</lines>
						</method>
						<method name="getMethod" signature="()Lcom/lexicalscope/jewelcli/internal/fluentreflection/$ReflectedMethod;" line-rate="1.0" branch-rate="1.0">
							<lines>
								<line number="57" hits="14" branch="false"/>
							</lines>
						</method>
						<method name="getOptionalityMethod" signature="()Lcom/lexicalscope/jewelcli/internal/fluentreflection/$ReflectedMethod;" line-rate="1.0" branch-rate="1.0">
							<lines>
								<line number="61" hits="3" branch="false"/>
							</lines>
						</method>
						<method name="getType" signature="()Ljava/lang/Class;" line-rate="0.0" branch-rate="1.0">
							<lines>
								<line number="41" hits="0" branch="false"/>
							</lines>
						</method>
						<method name="getValueName" signature="()Ljava/lang/String;" line-rate="1.0" branch-rate="1.0">
							<lines>
								<line number="65" hits="3" branch="true" condition-coverage="100% (2/2)">
									<conditions>
										<condition number="0" type="jump" coverage="100%"/>
									</conditions>
								</line>
							</lines>
						</method>
						<method name="isMultiValued" signature="()Z" line-rate="1.0" branch-rate="1.0">
							<lines>
								<line number="45" hits="34" branch="false"/>
							</lines>
						</method>
						<method name="isOptional" signature="()Z" line-rate="1.0" branch-rate="1.0">
							<lines>
								<line number="49" hits="20" branch="true" condition-coverage="100% (2/2)">
									<conditions>
										<condition number="0" type="jump" coverage="100%"/>
									</conditions>
								</line>
							</lines>
						</method>
						<method name="toString" signature="()Ljava/lang/String;" line-rate="1.0" branch-rate="1.0">
							<lines>
								<line number="69" hits="1" branch="false"/>
							</lines>
						</method>
					</methods>
					<lines>
						<line number="32" hits="14" branch="false"/>
						<line number="33" hits="14" branch="false"/>
						<line number="34" hits="14" branch="false"/>
						<line number="35" hits="14" branch="false"/>
						<line number="36" hits="14" branch="false"/>
						<line number="37" hits="14" branch="false"/>
						<line number="38" hits="14" branch="false"/>
						<line number="41" hits="0" branch="false"/>
						<line number="45" hits="34" branch="false"/>
						<line number="49" hits="20" branch="true" condition-coverage="100% (2/2)">
							<conditions>
								<condition number="0" type="jump" coverage="100%"/>
							</conditions>
						</line>
						<line number="53" hits="0" branch="false"/>
						<line number="57" hits="14" branch="false"/>
						<line number="61" hits="3" branch="false"/>
						<line number="65" hits="3" branch="true" condition-coverage="100% (2/2)">
							<conditions>
								<condition number="0" type="jump" coverage="100%"/>
							</conditions>
						</line>
						<line number="69" hits="1" branch="false"/>
					</lines>
				</class>
				<class name="uk.co.flamingpenguin.jewel.cli.UnparsedOptionSummary" filename="uk/co/flamingpenguin/jewel/cli/UnparsedOptionSummary.java" line-rate="0.7857142857142857" branch-rate="0.5" complexity="2.0">
					<methods>
						<method name="&lt;init&gt;" signature="(Luk/co/flamingpenguin/jewel/cli/UnparsedOptionSpecification;)V" line-rate="1.0" branch-rate="1.0">
							<lines>
								<line number="21" hits="1" branch="false"/>
								<line number="22" hits="1" branch="false"/>
								<line number="23" hits="1" branch="false"/>
							</lines>
						</method>
						<method name="getSummary" signature="(Ljava/lang/StringBuilder;)Ljava/lang/StringBuilder;" line-rate="0.625" branch-rate="0.5">
							<lines>
								<line number="27" hits="1" branch="true" condition-coverage="50% (1/2)">
									<conditions>
										<condition number="0" type="jump" coverage="50%"/>
									</conditions>
								</line>
								<line number="29" hits="0" branch="false"/>
								<line number="32" hits="1" branch="false"/>
								<line number="33" hits="1" branch="true" condition-coverage="50% (1/2)">
									<conditions>
										<condition number="0" type="jump" coverage="50%"/>
									</conditions>
								</line>
								<line number="35" hits="0" branch="false"/>
								<line number="38" hits="1" branch="true" condition-coverage="50% (1/2)">
									<conditions>
										<condition number="0" type="jump" coverage="50%"/>
									</conditions>
								</line>
								<line number="40" hits="0" branch="false"/>
								<line number="43" hits="1" branch="false"/>
							</lines>
						</method>
						<method name="toString" signature="()Ljava/lang/String;" line-rate="1.0" branch-rate="1.0">
							<lines>
								<line number="48" hits="1" branch="false"/>
								<line number="50" hits="1" branch="false"/>
								<line number="52" hits="1" branch="false"/>
							</lines>
						</method>
					</methods>
					<lines>
						<line number="21" hits="1" branch="false"/>
						<line number="22" hits="1" branch="false"/>
						<line number="23" hits="1" branch="false"/>
						<line number="27" hits="1" branch="true" condition-coverage="50% (1/2)">
							<conditions>
								<condition number="0" type="jump" coverage="50%"/>
							</conditions>
						</line>
						<line number="29" hits="0" branch="false"/>
						<line number="32" hits="1" branch="false"/>
						<line number="33" hits="1" branch="true" condition-coverage="50% (1/2)">
							<conditions>
								<condition number="0" type="jump" coverage="50%"/>
							</conditions>
						</line>
						<line number="35" hits="0" branch="false"/>
						<line number="38" hits="1" branch="true" condition-coverage="50% (1/2)">
							<conditions>
								<condition number="0" type="jump" coverage="50%"/>
							</conditions>
						</line>
						<line number="40" hits="0" branch="false"/>
						<line number="43" hits="1" branch="false"/>
						<line number="48" hits="1" branch="false"/>
						<line number="50" hits="1" branch="false"/>
						<line number="52" hits="1" branch="false"/>
					</lines>
				</class>
				<class name="uk.co.flamingpenguin.jewel.cli.ValidationErrorBuilder" filename="uk/co/flamingpenguin/jewel/cli/ValidationErrorBuilder.java" line-rate="1.0" branch-rate="1.0" complexity="1.0">
					<methods>
					</methods>
					<lines>
					</lines>
				</class>
				<class name="uk.co.flamingpenguin.jewel.cli.ValidationErrorBuilderImpl" filename="uk/co/flamingpenguin/jewel/cli/ValidationErrorBuilderImpl.java" line-rate="0.7692307692307693" branch-rate="1.0" complexity="1.5">
					<methods>
						<method name="&lt;init&gt;" signature="()V" line-rate="1.0" branch-rate="1.0">
							<lines>
								<line number="10" hits="129" branch="false"/>
								<line number="12" hits="129" branch="false"/>
							</lines>
						</method>
						<method name="helpRequested" signature="(Luk/co/flamingpenguin/jewel/cli/OptionsSpecification;)V" line-rate="1.0" branch-rate="1.0">
							<lines>
								<line number="56" hits="1" branch="false"/>
								<line number="57" hits="1" branch="false"/>
							</lines>
						</method>
						<method name="invalidValueForType" signature="(Luk/co/flamingpenguin/jewel/cli/OptionSpecification;Ljava/lang/String;)V" line-rate="1.0" branch-rate="1.0">
							<lines>
								<line number="41" hits="4" branch="false"/>
								<line number="42" hits="4" branch="false"/>
							</lines>
						</method>
						<method name="missingOption" signature="(Luk/co/flamingpenguin/jewel/cli/OptionSpecification;)V" line-rate="1.0" branch-rate="1.0">
							<lines>
								<line number="36" hits="12" branch="false"/>
								<line number="37" hits="12" branch="false"/>
							</lines>
						</method>
						<method name="missingValue" signature="(Luk/co/flamingpenguin/jewel/cli/OptionSpecification;)V" line-rate="1.0" branch-rate="1.0">
							<lines>
								<line number="16" hits="1" branch="false"/>
								<line number="17" hits="1" branch="false"/>
							</lines>
						</method>
						<method name="patternMismatch" signature="(Luk/co/flamingpenguin/jewel/cli/OptionSpecification;Ljava/lang/String;)V" line-rate="1.0" branch-rate="1.0">
							<lines>
								<line number="51" hits="2" branch="false"/>
								<line number="52" hits="2" branch="false"/>
							</lines>
						</method>
						<method name="unableToConstructType" signature="(Luk/co/flamingpenguin/jewel/cli/OptionSpecification;Ljava/lang/String;)V" line-rate="0.0" branch-rate="1.0">
							<lines>
								<line number="46" hits="0" branch="false"/>
								<line number="47" hits="0" branch="false"/>
							</lines>
						</method>
						<method name="unexpectedAdditionalValues" signature="(Luk/co/flamingpenguin/jewel/cli/OptionSpecification;)V" line-rate="0.0" branch-rate="1.0">
							<lines>
								<line number="21" hits="0" branch="false"/>
								<line number="22" hits="0" branch="false"/>
							</lines>
						</method>
						<method name="unexpectedOption" signature="(Ljava/lang/String;)V" line-rate="1.0" branch-rate="1.0">
							<lines>
								<line number="26" hits="3" branch="false"/>
								<line number="27" hits="3" branch="false"/>
							</lines>
						</method>
						<method name="unexpectedValue" signature="(Luk/co/flamingpenguin/jewel/cli/OptionSpecification;)V" line-rate="0.0" branch-rate="1.0">
							<lines>
								<line number="31" hits="0" branch="false"/>
								<line number="32" hits="0" branch="false"/>
							</lines>
						</method>
						<method name="validate" signature="()V" line-rate="1.0" branch-rate="1.0">
							<lines>
								<line number="61" hits="122" branch="true" condition-coverage="100% (2/2)">
									<conditions>
										<condition number="0" type="jump" coverage="100%"/>
									</conditions>
								</line>
								<line number="63" hits="15" branch="true" condition-coverage="100% (2/2)">
									<conditions>
										<condition number="0" type="jump" coverage="100%"/>
									</conditions>
								</line>
								<line number="65" hits="18" branch="true" condition-coverage="100% (2/2)">
									<conditions>
										<condition number="0" type="jump" coverage="100%"/>
									</conditions>
								</line>
								<line number="67" hits="1" branch="false"/>
								<line number="71" hits="14" branch="false"/>
								<line number="73" hits="107" branch="false"/>
							</lines>
						</method>
					</methods>
					<lines>
						<line number="10" hits="129" branch="false"/>
						<line number="12" hits="129" branch="false"/>
						<line number="16" hits="1" branch="false"/>
						<line number="17" hits="1" branch="false"/>
						<line number="21" hits="0" branch="false"/>
						<line number="22" hits="0" branch="false"/>
						<line number="26" hits="3" branch="false"/>
						<line number="27" hits="3" branch="false"/>
						<line number="31" hits="0" branch="false"/>
						<line number="32" hits="0" branch="false"/>
						<line number="36" hits="12" branch="false"/>
						<line number="37" hits="12" branch="false"/>
						<line number="41" hits="4" branch="false"/>
						<line number="42" hits="4" branch="false"/>
						<line number="46" hits="0" branch="false"/>
						<line number="47" hits="0" branch="false"/>
						<line number="51" hits="2" branch="false"/>
						<line number="52" hits="2" branch="false"/>
						<line number="56" hits="1" branch="false"/>
						<line number="57" hits="1" branch="false"/>
						<line number="61" hits="122" branch="true" condition-coverage="100% (2/2)">
							<conditions>
								<condition number="0" type="jump" coverage="100%"/>
							</conditions>
						</line>
						<line number="63" hits="15" branch="true" condition-coverage="100% (2/2)">
							<conditions>
								<condition number="0" type="jump" coverage="100%"/>
							</conditions>
						</line>
						<line number="65" hits="18" branch="true" condition-coverage="100% (2/2)">
							<conditions>
								<condition number="0" type="jump" coverage="100%"/>
							</conditions>
						</line>
						<line number="67" hits="1" branch="false"/>
						<line number="71" hits="14" branch="false"/>
						<line number="73" hits="107" branch="false"/>
					</lines>
				</class>
				<class name="uk.co.flamingpenguin.jewel.cli.ValueFormatException" filename="uk/co/flamingpenguin/jewel/cli/ValueFormatException.java" line-rate="0.0" branch-rate="1.0" complexity="1.0">
					<methods>
						<method name="&lt;init&gt;" signature="(Ljava/lang/String;)V" line-rate="0.0" branch-rate="1.0">
							<lines>
								<line number="21" hits="0" branch="false"/>
								<line number="22" hits="0" branch="false"/>
							</lines>
						</method>
					</methods>
					<lines>
						<line number="21" hits="0" branch="false"/>
						<line number="22" hits="0" branch="false"/>
					</lines>
				</class>
			</classes>
		</package>
	</packages>
</coverage>
