<?xml version="1.0"?>
<!DOCTYPE coverage SYSTEM "http://cobertura.sourceforge.net/xml/coverage-04.dtd">

<coverage line-rate="0.8739255014326648" branch-rate="0.8705882352941177" lines-covered="1525" lines-valid="1745" branches-covered="592" branches-valid="680" complexity="1.4557109557109558" version="1.9.4.1" timestamp="1333063858632">
	<sources>
		<source>/home/tim/workspace/jewelcli-parent/jewelcli/src/main/java</source>
		<source>--source</source>
	</sources>
	<packages>
		<package name="com.lexicalscope.jewel" line-rate="0.25" branch-rate="1.0" complexity="1.0">
			<classes>
				<class name="com.lexicalscope.jewel.JewelRuntimeException" filename="com/lexicalscope/jewel/JewelRuntimeException.java" line-rate="0.25" branch-rate="1.0" complexity="1.0">
					<methods>
						<method name="&lt;init&gt;" signature="()V" line-rate="0.0" branch-rate="1.0">
							<lines>
								<line number="20" hits="0" branch="false"/>
								<line number="21" hits="0" branch="false"/>
							</lines>
						</method>
						<method name="&lt;init&gt;" signature="(Ljava/lang/String;)V" line-rate="1.0" branch-rate="1.0">
							<lines>
								<line number="41" hits="44" branch="false"/>
								<line number="42" hits="44" branch="false"/>
							</lines>
						</method>
						<method name="&lt;init&gt;" signature="(Ljava/lang/String;Ljava/lang/Throwable;)V" line-rate="0.0" branch-rate="1.0">
							<lines>
								<line number="31" hits="0" branch="false"/>
								<line number="32" hits="0" branch="false"/>
							</lines>
						</method>
						<method name="&lt;init&gt;" signature="(Ljava/lang/Throwable;)V" line-rate="0.0" branch-rate="1.0">
							<lines>
								<line number="51" hits="0" branch="false"/>
								<line number="52" hits="0" branch="false"/>
							</lines>
						</method>
					</methods>
					<lines>
						<line number="20" hits="0" branch="false"/>
						<line number="21" hits="0" branch="false"/>
						<line number="31" hits="0" branch="false"/>
						<line number="32" hits="0" branch="false"/>
						<line number="41" hits="44" branch="false"/>
						<line number="42" hits="44" branch="false"/>
						<line number="51" hits="0" branch="false"/>
						<line number="52" hits="0" branch="false"/>
					</lines>
				</class>
			</classes>
		</package>
		<package name="com.lexicalscope.jewel.cli" line-rate="0.8583042973286876" branch-rate="0.8489010989010989" complexity="1.5092165898617511">
			<classes>
				<class name="com.lexicalscope.jewel.cli.AbstractCliImpl" filename="com/lexicalscope/jewel/cli/AbstractCliImpl.java" line-rate="0.8181818181818182" branch-rate="1.0" complexity="1.0">
					<methods>
						<method name="&lt;init&gt;" signature="(Lcom/lexicalscope/fluentreflection/ReflectedClass;Lcom/lexicalscope/jewel/cli/OptionsSpecification;)V" line-rate="1.0" branch-rate="1.0">
							<lines>
								<line number="27" hits="109" branch="false"/>
								<line number="28" hits="109" branch="false"/>
								<line number="29" hits="109" branch="false"/>
								<line number="30" hits="109" branch="false"/>
							</lines>
						</method>
						<method name="describeTo" signature="(Lcom/lexicalscope/jewel/cli/HelpMessage;)V" line-rate="0.0" branch-rate="1.0">
							<lines>
								<line number="55" hits="0" branch="false"/>
								<line number="56" hits="0" branch="false"/>
							</lines>
						</method>
						<method name="getHelpMessage" signature="()Ljava/lang/String;" line-rate="1.0" branch-rate="1.0">
							<lines>
								<line number="47" hits="6" branch="false"/>
							</lines>
						</method>
						<method name="getSpecification" signature="()Lcom/lexicalscope/jewel/cli/CliSpecification;" line-rate="1.0" branch-rate="1.0">
							<lines>
								<line number="51" hits="1" branch="false"/>
							</lines>
						</method>
						<method name="parseArguments" signature="([Ljava/lang/String;)Ljava/lang/Object;" line-rate="1.0" branch-rate="1.0">
							<lines>
								<line number="33" hits="103" branch="false"/>
								<line number="36" hits="101" branch="false"/>
								<line number="39" hits="73" branch="false"/>
							</lines>
						</method>
					</methods>
					<lines>
						<line number="27" hits="109" branch="false"/>
						<line number="28" hits="109" branch="false"/>
						<line number="29" hits="109" branch="false"/>
						<line number="30" hits="109" branch="false"/>
						<line number="33" hits="103" branch="false"/>
						<line number="36" hits="101" branch="false"/>
						<line number="39" hits="73" branch="false"/>
						<line number="47" hits="6" branch="false"/>
						<line number="51" hits="1" branch="false"/>
						<line number="55" hits="0" branch="false"/>
						<line number="56" hits="0" branch="false"/>
					</lines>
				</class>
				<class name="com.lexicalscope.jewel.cli.AbstractConvertMethodToOptionSpecification" filename="com/lexicalscope/jewel/cli/AbstractConvertMethodToOptionSpecification.java" line-rate="1.0" branch-rate="1.0" complexity="1.0">
					<methods>
						<method name="&lt;init&gt;" signature="(Lcom/lexicalscope/fluentreflection/ReflectedClass;)V" line-rate="1.0" branch-rate="1.0">
							<lines>
								<line number="25" hits="282" branch="false"/>
								<line number="26" hits="282" branch="false"/>
								<line number="27" hits="282" branch="false"/>
							</lines>
						</method>
						<method name="createParsedOptionSpecificationFrom" signature="(Lcom/lexicalscope/fluentreflection/ReflectedMethod;)Lcom/lexicalscope/jewel/cli/ParsedOptionSpecification;" line-rate="1.0" branch-rate="1.0">
							<lines>
								<line number="36" hits="246" branch="false"/>
							</lines>
						</method>
						<method name="createUnparsedOptionSpecificationFrom" signature="(Lcom/lexicalscope/fluentreflection/ReflectedMethod;)Lcom/lexicalscope/jewel/cli/UnparsedOptionSpecification;" line-rate="1.0" branch-rate="1.0">
							<lines>
								<line number="32" hits="30" branch="false"/>
							</lines>
						</method>
					</methods>
					<lines>
						<line number="25" hits="282" branch="false"/>
						<line number="26" hits="282" branch="false"/>
						<line number="27" hits="282" branch="false"/>
						<line number="32" hits="30" branch="false"/>
						<line number="36" hits="246" branch="false"/>
					</lines>
				</class>
				<class name="com.lexicalscope.jewel.cli.AbstractOptionAdapter" filename="com/lexicalscope/jewel/cli/AbstractOptionAdapter.java" line-rate="1.0" branch-rate="1.0" complexity="2.142857142857143">
					<methods>
						<method name="&lt;init&gt;" signature="(Lcom/lexicalscope/fluentreflection/ReflectedClass;Lcom/lexicalscope/fluentreflection/ReflectedMethod;)V" line-rate="1.0" branch-rate="1.0">
							<lines>
								<line number="35" hits="276" branch="false"/>
								<line number="36" hits="276" branch="false"/>
								<line number="37" hits="276" branch="false"/>
								<line number="38" hits="276" branch="true" condition-coverage="100% (2/2)">
									<conditions>
										<condition number="0" type="jump" coverage="100%"/>
									</conditions>
								</line>
								<line number="40" hits="25" branch="false"/>
								<line number="44" hits="251" branch="false"/>
								<line number="46" hits="276" branch="false"/>
							</lines>
						</method>
						<method name="addPrefix" signature="(Ljava/lang/String;Ljava/lang/String;)Ljava/lang/String;" line-rate="1.0" branch-rate="1.0">
							<lines>
								<line number="68" hits="658" branch="false"/>
							</lines>
						</method>
						<method name="correspondingOptionalityMethod" signature="()Lcom/lexicalscope/fluentreflection/ReflectedMethod;" line-rate="1.0" branch-rate="1.0">
							<lines>
								<line number="53" hits="742" branch="true" condition-coverage="100% (2/2)">
									<conditions>
										<condition number="0" type="jump" coverage="100%"/>
									</conditions>
								</line>
								<line number="55" hits="84" branch="false"/>
								<line number="58" hits="658" branch="false"/>
								<line number="61" hits="658" branch="true" condition-coverage="100% (2/2)">
									<conditions>
										<condition number="0" type="jump" coverage="100%"/>
									</conditions>
								</line>
								<line number="62" hits="204" branch="false"/>
								<line number="64" hits="454" branch="false"/>
							</lines>
						</method>
						<method name="getValueType" signature="()Lcom/lexicalscope/fluentreflection/ReflectedClass;" line-rate="1.0" branch-rate="1.0">
							<lines>
								<line number="76" hits="1317" branch="true" condition-coverage="100% (2/2)">
									<conditions>
										<condition number="0" type="jump" coverage="100%"/>
									</conditions>
								</line>
								<line number="81" hits="1317" branch="true" condition-coverage="100% (2/2)">
									<conditions>
										<condition number="0" type="jump" coverage="100%"/>
									</conditions>
								</line>
							</lines>
						</method>
						<method name="hasDefaultValue" signature="()Z" line-rate="1.0" branch-rate="1.0">
							<lines>
								<line number="87" hits="276" branch="true" condition-coverage="100% (4/4)">
									<conditions>
										<condition number="0" type="jump" coverage="100%"/>
										<condition number="1" type="jump" coverage="100%"/>
									</conditions>
								</line>
							</lines>
						</method>
						<method name="isMultiValued" signature="()Z" line-rate="1.0" branch-rate="1.0">
							<lines>
								<line number="72" hits="1872" branch="false"/>
							</lines>
						</method>
						<method name="method" signature="()Lcom/lexicalscope/fluentreflection/ReflectedMethod;" line-rate="1.0" branch-rate="1.0">
							<lines>
								<line number="49" hits="852" branch="false"/>
							</lines>
						</method>
					</methods>
					<lines>
						<line number="35" hits="276" branch="false"/>
						<line number="36" hits="276" branch="false"/>
						<line number="37" hits="276" branch="false"/>
						<line number="38" hits="276" branch="true" condition-coverage="100% (2/2)">
							<conditions>
								<condition number="0" type="jump" coverage="100%"/>
							</conditions>
						</line>
						<line number="40" hits="25" branch="false"/>
						<line number="44" hits="251" branch="false"/>
						<line number="46" hits="276" branch="false"/>
						<line number="49" hits="852" branch="false"/>
						<line number="53" hits="742" branch="true" condition-coverage="100% (2/2)">
							<conditions>
								<condition number="0" type="jump" coverage="100%"/>
							</conditions>
						</line>
						<line number="55" hits="84" branch="false"/>
						<line number="58" hits="658" branch="false"/>
						<line number="61" hits="658" branch="true" condition-coverage="100% (2/2)">
							<conditions>
								<condition number="0" type="jump" coverage="100%"/>
							</conditions>
						</line>
						<line number="62" hits="204" branch="false"/>
						<line number="64" hits="454" branch="false"/>
						<line number="68" hits="658" branch="false"/>
						<line number="72" hits="1872" branch="false"/>
						<line number="76" hits="1317" branch="true" condition-coverage="100% (2/2)">
							<conditions>
								<condition number="0" type="jump" coverage="100%"/>
							</conditions>
						</line>
						<line number="81" hits="1317" branch="true" condition-coverage="100% (2/2)">
							<conditions>
								<condition number="0" type="jump" coverage="100%"/>
							</conditions>
						</line>
						<line number="87" hits="276" branch="true" condition-coverage="100% (4/4)">
							<conditions>
								<condition number="0" type="jump" coverage="100%"/>
								<condition number="1" type="jump" coverage="100%"/>
							</conditions>
						</line>
					</lines>
				</class>
				<class name="com.lexicalscope.jewel.cli.AbstractOptionSpecification" filename="com/lexicalscope/jewel/cli/AbstractOptionSpecification.java" line-rate="0.9090909090909091" branch-rate="0.8488372093023255" complexity="3.8">
					<methods>
						<method name="&lt;init&gt;" signature="(Lcom/lexicalscope/jewel/cli/OptionAdapter;)V" line-rate="0.8333333333333334" branch-rate="0.8">
							<lines>
								<line number="29" hits="276" branch="false"/>
								<line number="30" hits="276" branch="false"/>
								<line number="32" hits="276" branch="true" condition-coverage="100% (4/4)">
									<conditions>
										<condition number="0" type="jump" coverage="100%"/>
										<condition number="1" type="jump" coverage="100%"/>
									</conditions>
								</line>
								<line number="34" hits="1" branch="false"/>
								<line number="37" hits="275" branch="true" condition-coverage="100% (2/2)">
									<conditions>
										<condition number="0" type="jump" coverage="100%"/>
									</conditions>
								</line>
								<line number="39" hits="13" branch="true" condition-coverage="100% (2/2)">
									<conditions>
										<condition number="0" type="jump" coverage="100%"/>
									</conditions>
								</line>
								<line number="41" hits="8" branch="false"/>
								<line number="45" hits="5" branch="false"/>
								<line number="48" hits="262" branch="true" condition-coverage="100% (2/2)">
									<conditions>
										<condition number="0" type="jump" coverage="100%"/>
									</conditions>
								</line>
								<line number="50" hits="17" branch="false"/>
								<line number="54" hits="245" branch="false"/>
								<line number="57" hits="275" branch="true" condition-coverage="66% (4/6)">
									<conditions>
										<condition number="0" type="jump" coverage="100%"/>
										<condition number="1" type="jump" coverage="50%"/>
										<condition number="2" type="jump" coverage="50%"/>
									</conditions>
								</line>
								<line number="59" hits="0" branch="false"/>
								<line number="62" hits="275" branch="true" condition-coverage="50% (1/2)">
									<conditions>
										<condition number="0" type="jump" coverage="50%"/>
									</conditions>
								</line>
								<line number="64" hits="0" branch="false"/>
								<line number="67" hits="275" branch="true" condition-coverage="50% (1/2)">
									<conditions>
										<condition number="0" type="jump" coverage="50%"/>
									</conditions>
								</line>
								<line number="69" hits="0" branch="false"/>
								<line number="72" hits="275" branch="false"/>
							</lines>
						</method>
						<method name="allowedThisManyValues" signature="(I)Z" line-rate="1.0" branch-rate="0.9545454545454546">
							<lines>
								<line number="121" hits="131" branch="true" condition-coverage="100% (4/4)">
									<conditions>
										<condition number="0" type="jump" coverage="100%"/>
										<condition number="1" type="jump" coverage="100%"/>
									</conditions>
								</line>
								<line number="123" hits="18" branch="false"/>
								<line number="125" hits="113" branch="true" condition-coverage="100% (6/6)">
									<conditions>
										<condition number="0" type="jump" coverage="100%"/>
										<condition number="1" type="jump" coverage="100%"/>
										<condition number="2" type="jump" coverage="100%"/>
									</conditions>
								</line>
								<line number="127" hits="65" branch="false"/>
								<line number="129" hits="48" branch="true" condition-coverage="100% (4/4)">
									<conditions>
										<condition number="0" type="jump" coverage="100%"/>
										<condition number="1" type="jump" coverage="100%"/>
									</conditions>
								</line>
								<line number="131" hits="1" branch="true" condition-coverage="50% (1/2)">
									<conditions>
										<condition number="0" type="jump" coverage="50%"/>
									</conditions>
								</line>
								<line number="133" hits="47" branch="true" condition-coverage="100% (2/2)">
									<conditions>
										<condition number="0" type="jump" coverage="100%"/>
									</conditions>
								</line>
								<line number="135" hits="36" branch="true" condition-coverage="100% (4/4)">
									<conditions>
										<condition number="0" type="jump" coverage="100%"/>
										<condition number="1" type="jump" coverage="100%"/>
									</conditions>
								</line>
								<line number="137" hits="11" branch="false"/>
							</lines>
						</method>
						<method name="compareCountToSpecification" signature="(ILcom/lexicalscope/jewel/cli/SpecificationMultiplicity;)Ljava/lang/Object;" line-rate="0.875" branch-rate="0.7307692307692307">
							<lines>
								<line number="159" hits="32" branch="true" condition-coverage="75% (3/4)">
									<conditions>
										<condition number="0" type="jump" coverage="100%"/>
										<condition number="1" type="jump" coverage="50%"/>
									</conditions>
								</line>
								<line number="160" hits="6" branch="false"/>
								<line number="161" hits="26" branch="true" condition-coverage="83% (5/6)">
									<conditions>
										<condition number="0" type="jump" coverage="100%"/>
										<condition number="1" type="jump" coverage="50%"/>
										<condition number="2" type="jump" coverage="100%"/>
									</conditions>
								</line>
								<line number="162" hits="6" branch="false"/>
								<line number="163" hits="20" branch="true" condition-coverage="75% (3/4)">
									<conditions>
										<condition number="0" type="jump" coverage="100%"/>
										<condition number="1" type="jump" coverage="50%"/>
									</conditions>
								</line>
								<line number="164" hits="10" branch="false"/>
								<line number="165" hits="10" branch="true" condition-coverage="50% (1/2)">
									<conditions>
										<condition number="0" type="jump" coverage="50%"/>
									</conditions>
								</line>
								<line number="166" hits="10" branch="true" condition-coverage="75% (3/4)">
									<conditions>
										<condition number="0" type="jump" coverage="100%"/>
										<condition number="1" type="jump" coverage="50%"/>
									</conditions>
								</line>
								<line number="167" hits="2" branch="true" condition-coverage="50% (1/2)">
									<conditions>
										<condition number="0" type="jump" coverage="50%"/>
									</conditions>
								</line>
								<line number="168" hits="0" branch="false"/>
								<line number="170" hits="2" branch="false"/>
								<line number="172" hits="8" branch="true" condition-coverage="100% (2/2)">
									<conditions>
										<condition number="0" type="jump" coverage="100%"/>
									</conditions>
								</line>
								<line number="173" hits="4" branch="false"/>
								<line number="174" hits="4" branch="true" condition-coverage="50% (1/2)">
									<conditions>
										<condition number="0" type="jump" coverage="50%"/>
									</conditions>
								</line>
								<line number="175" hits="4" branch="false"/>
								<line number="178" hits="0" branch="false"/>
							</lines>
						</method>
						<method name="compareTo" signature="(Lcom/lexicalscope/jewel/cli/OptionSpecification;)I" line-rate="1.0" branch-rate="1.0">
							<lines>
								<line number="113" hits="173" branch="false"/>
							</lines>
						</method>
						<method name="compareTo" signature="(Ljava/lang/Object;)I" line-rate="1.0" branch-rate="1.0">
							<lines>
								<line number="25" hits="173" branch="false"/>
							</lines>
						</method>
						<method name="exactly" signature="()I" line-rate="1.0" branch-rate="1.0">
							<lines>
								<line number="149" hits="283" branch="false"/>
							</lines>
						</method>
						<method name="getCanonicalIdentifier" signature="()Ljava/lang/String;" line-rate="1.0" branch-rate="1.0">
							<lines>
								<line number="101" hits="463" branch="false"/>
							</lines>
						</method>
						<method name="getDefaultValue" signature="()Ljava/util/List;" line-rate="1.0" branch-rate="1.0">
							<lines>
								<line number="75" hits="674" branch="false"/>
							</lines>
						</method>
						<method name="getDescription" signature="()Ljava/lang/String;" line-rate="1.0" branch-rate="1.0">
							<lines>
								<line number="83" hits="115" branch="false"/>
							</lines>
						</method>
						<method name="getMethod" signature="()Lcom/lexicalscope/fluentreflection/ReflectedMethod;" line-rate="1.0" branch-rate="1.0">
							<lines>
								<line number="105" hits="851" branch="false"/>
							</lines>
						</method>
						<method name="getOptionalityMethod" signature="()Lcom/lexicalscope/fluentreflection/ReflectedMethod;" line-rate="1.0" branch-rate="1.0">
							<lines>
								<line number="109" hits="742" branch="false"/>
							</lines>
						</method>
						<method name="getType" signature="()Ljava/lang/Class;" line-rate="1.0" branch-rate="1.0">
							<lines>
								<line number="87" hits="1317" branch="false"/>
							</lines>
						</method>
						<method name="hasDefaultValue" signature="()Z" line-rate="1.0" branch-rate="1.0">
							<lines>
								<line number="79" hits="640" branch="true" condition-coverage="100% (4/4)">
									<conditions>
										<condition number="0" type="jump" coverage="100%"/>
										<condition number="1" type="jump" coverage="100%"/>
									</conditions>
								</line>
							</lines>
						</method>
						<method name="hasExactCount" signature="()Z" line-rate="1.0" branch-rate="1.0">
							<lines>
								<line number="153" hits="327" branch="true" condition-coverage="100% (2/2)">
									<conditions>
										<condition number="0" type="jump" coverage="100%"/>
									</conditions>
								</line>
							</lines>
						</method>
						<method name="isHidden" signature="()Z" line-rate="1.0" branch-rate="1.0">
							<lines>
								<line number="117" hits="40" branch="false"/>
							</lines>
						</method>
						<method name="isMultiValued" signature="()Z" line-rate="1.0" branch-rate="1.0">
							<lines>
								<line number="91" hits="542" branch="false"/>
							</lines>
						</method>
						<method name="isOptional" signature="()Z" line-rate="1.0" branch-rate="1.0">
							<lines>
								<line number="95" hits="621" branch="true" condition-coverage="100% (6/6)">
									<conditions>
										<condition number="0" type="jump" coverage="100%"/>
										<condition number="1" type="jump" coverage="100%"/>
										<condition number="2" type="jump" coverage="100%"/>
									</conditions>
								</line>
							</lines>
						</method>
						<method name="maximum" signature="()I" line-rate="1.0" branch-rate="1.0">
							<lines>
								<line number="141" hits="872" branch="false"/>
							</lines>
						</method>
						<method name="maximumArgumentConsumption" signature="()I" line-rate="0.8571428571428571" branch-rate="0.8333333333333334">
							<lines>
								<line number="182" hits="12" branch="true" condition-coverage="100% (2/2)">
									<conditions>
										<condition number="0" type="jump" coverage="100%"/>
									</conditions>
								</line>
								<line number="183" hits="5" branch="true" condition-coverage="50% (1/2)">
									<conditions>
										<condition number="0" type="jump" coverage="50%"/>
									</conditions>
								</line>
								<line number="184" hits="0" branch="false"/>
								<line number="186" hits="5" branch="false"/>
								<line number="188" hits="7" branch="true" condition-coverage="100% (2/2)">
									<conditions>
										<condition number="0" type="jump" coverage="100%"/>
									</conditions>
								</line>
								<line number="189" hits="4" branch="false"/>
								<line number="191" hits="3" branch="false"/>
							</lines>
						</method>
						<method name="minimum" signature="()I" line-rate="1.0" branch-rate="1.0">
							<lines>
								<line number="145" hits="324" branch="false"/>
							</lines>
						</method>
					</methods>
					<lines>
						<line number="25" hits="173" branch="false"/>
						<line number="29" hits="276" branch="false"/>
						<line number="30" hits="276" branch="false"/>
						<line number="32" hits="276" branch="true" condition-coverage="100% (4/4)">
							<conditions>
								<condition number="0" type="jump" coverage="100%"/>
								<condition number="1" type="jump" coverage="100%"/>
							</conditions>
						</line>
						<line number="34" hits="1" branch="false"/>
						<line number="37" hits="275" branch="true" condition-coverage="100% (2/2)">
							<conditions>
								<condition number="0" type="jump" coverage="100%"/>
							</conditions>
						</line>
						<line number="39" hits="13" branch="true" condition-coverage="100% (2/2)">
							<conditions>
								<condition number="0" type="jump" coverage="100%"/>
							</conditions>
						</line>
						<line number="41" hits="8" branch="false"/>
						<line number="45" hits="5" branch="false"/>
						<line number="48" hits="262" branch="true" condition-coverage="100% (2/2)">
							<conditions>
								<condition number="0" type="jump" coverage="100%"/>
							</conditions>
						</line>
						<line number="50" hits="17" branch="false"/>
						<line number="54" hits="245" branch="false"/>
						<line number="57" hits="275" branch="true" condition-coverage="66% (4/6)">
							<conditions>
								<condition number="0" type="jump" coverage="100%"/>
								<condition number="1" type="jump" coverage="50%"/>
								<condition number="2" type="jump" coverage="50%"/>
							</conditions>
						</line>
						<line number="59" hits="0" branch="false"/>
						<line number="62" hits="275" branch="true" condition-coverage="50% (1/2)">
							<conditions>
								<condition number="0" type="jump" coverage="50%"/>
							</conditions>
						</line>
						<line number="64" hits="0" branch="false"/>
						<line number="67" hits="275" branch="true" condition-coverage="50% (1/2)">
							<conditions>
								<condition number="0" type="jump" coverage="50%"/>
							</conditions>
						</line>
						<line number="69" hits="0" branch="false"/>
						<line number="72" hits="275" branch="false"/>
						<line number="75" hits="674" branch="false"/>
						<line number="79" hits="640" branch="true" condition-coverage="100% (4/4)">
							<conditions>
								<condition number="0" type="jump" coverage="100%"/>
								<condition number="1" type="jump" coverage="100%"/>
							</conditions>
						</line>
						<line number="83" hits="115" branch="false"/>
						<line number="87" hits="1317" branch="false"/>
						<line number="91" hits="542" branch="false"/>
						<line number="95" hits="621" branch="true" condition-coverage="100% (6/6)">
							<conditions>
								<condition number="0" type="jump" coverage="100%"/>
								<condition number="1" type="jump" coverage="100%"/>
								<condition number="2" type="jump" coverage="100%"/>
							</conditions>
						</line>
						<line number="101" hits="463" branch="false"/>
						<line number="105" hits="851" branch="false"/>
						<line number="109" hits="742" branch="false"/>
						<line number="113" hits="173" branch="false"/>
						<line number="117" hits="40" branch="false"/>
						<line number="121" hits="131" branch="true" condition-coverage="100% (4/4)">
							<conditions>
								<condition number="0" type="jump" coverage="100%"/>
								<condition number="1" type="jump" coverage="100%"/>
							</conditions>
						</line>
						<line number="123" hits="18" branch="false"/>
						<line number="125" hits="113" branch="true" condition-coverage="100% (6/6)">
							<conditions>
								<condition number="0" type="jump" coverage="100%"/>
								<condition number="1" type="jump" coverage="100%"/>
								<condition number="2" type="jump" coverage="100%"/>
							</conditions>
						</line>
						<line number="127" hits="65" branch="false"/>
						<line number="129" hits="48" branch="true" condition-coverage="100% (4/4)">
							<conditions>
								<condition number="0" type="jump" coverage="100%"/>
								<condition number="1" type="jump" coverage="100%"/>
							</conditions>
						</line>
						<line number="131" hits="1" branch="true" condition-coverage="50% (1/2)">
							<conditions>
								<condition number="0" type="jump" coverage="50%"/>
							</conditions>
						</line>
						<line number="133" hits="47" branch="true" condition-coverage="100% (2/2)">
							<conditions>
								<condition number="0" type="jump" coverage="100%"/>
							</conditions>
						</line>
						<line number="135" hits="36" branch="true" condition-coverage="100% (4/4)">
							<conditions>
								<condition number="0" type="jump" coverage="100%"/>
								<condition number="1" type="jump" coverage="100%"/>
							</conditions>
						</line>
						<line number="137" hits="11" branch="false"/>
						<line number="141" hits="872" branch="false"/>
						<line number="145" hits="324" branch="false"/>
						<line number="149" hits="283" branch="false"/>
						<line number="153" hits="327" branch="true" condition-coverage="100% (2/2)">
							<conditions>
								<condition number="0" type="jump" coverage="100%"/>
							</conditions>
						</line>
						<line number="159" hits="32" branch="true" condition-coverage="75% (3/4)">
							<conditions>
								<condition number="0" type="jump" coverage="100%"/>
								<condition number="1" type="jump" coverage="50%"/>
							</conditions>
						</line>
						<line number="160" hits="6" branch="false"/>
						<line number="161" hits="26" branch="true" condition-coverage="83% (5/6)">
							<conditions>
								<condition number="0" type="jump" coverage="100%"/>
								<condition number="1" type="jump" coverage="50%"/>
								<condition number="2" type="jump" coverage="100%"/>
							</conditions>
						</line>
						<line number="162" hits="6" branch="false"/>
						<line number="163" hits="20" branch="true" condition-coverage="75% (3/4)">
							<conditions>
								<condition number="0" type="jump" coverage="100%"/>
								<condition number="1" type="jump" coverage="50%"/>
							</conditions>
						</line>
						<line number="164" hits="10" branch="false"/>
						<line number="165" hits="10" branch="true" condition-coverage="50% (1/2)">
							<conditions>
								<condition number="0" type="jump" coverage="50%"/>
							</conditions>
						</line>
						<line number="166" hits="10" branch="true" condition-coverage="75% (3/4)">
							<conditions>
								<condition number="0" type="jump" coverage="100%"/>
								<condition number="1" type="jump" coverage="50%"/>
							</conditions>
						</line>
						<line number="167" hits="2" branch="true" condition-coverage="50% (1/2)">
							<conditions>
								<condition number="0" type="jump" coverage="50%"/>
							</conditions>
						</line>
						<line number="168" hits="0" branch="false"/>
						<line number="170" hits="2" branch="false"/>
						<line number="172" hits="8" branch="true" condition-coverage="100% (2/2)">
							<conditions>
								<condition number="0" type="jump" coverage="100%"/>
							</conditions>
						</line>
						<line number="173" hits="4" branch="false"/>
						<line number="174" hits="4" branch="true" condition-coverage="50% (1/2)">
							<conditions>
								<condition number="0" type="jump" coverage="50%"/>
							</conditions>
						</line>
						<line number="175" hits="4" branch="false"/>
						<line number="178" hits="0" branch="false"/>
						<line number="182" hits="12" branch="true" condition-coverage="100% (2/2)">
							<conditions>
								<condition number="0" type="jump" coverage="100%"/>
							</conditions>
						</line>
						<line number="183" hits="5" branch="true" condition-coverage="50% (1/2)">
							<conditions>
								<condition number="0" type="jump" coverage="50%"/>
							</conditions>
						</line>
						<line number="184" hits="0" branch="false"/>
						<line number="186" hits="5" branch="false"/>
						<line number="188" hits="7" branch="true" condition-coverage="100% (2/2)">
							<conditions>
								<condition number="0" type="jump" coverage="100%"/>
							</conditions>
						</line>
						<line number="189" hits="4" branch="false"/>
						<line number="191" hits="3" branch="false"/>
					</lines>
				</class>
				<class name="com.lexicalscope.jewel.cli.Argument" filename="com/lexicalscope/jewel/cli/Argument.java" line-rate="1.0" branch-rate="1.0" complexity="1.0">
					<methods>
					</methods>
					<lines>
					</lines>
				</class>
				<class name="com.lexicalscope.jewel.cli.ArgumentCollection" filename="com/lexicalscope/jewel/cli/ArgumentCollection.java" line-rate="1.0" branch-rate="1.0" complexity="1.0">
					<methods>
					</methods>
					<lines>
					</lines>
				</class>
				<class name="com.lexicalscope.jewel.cli.ArgumentCollectionBuilder" filename="com/lexicalscope/jewel/cli/ArgumentCollectionBuilder.java" line-rate="1.0" branch-rate="1.0" complexity="1.0952380952380953">
					<methods>
						<method name="&lt;init&gt;" signature="()V" line-rate="1.0" branch-rate="1.0">
							<lines>
								<line number="86" hits="130" branch="false"/>
								<line number="87" hits="130" branch="false"/>
								<line number="89" hits="130" branch="false"/>
							</lines>
						</method>
						<method name="access$000" signature="(Lcom/lexicalscope/jewel/cli/ArgumentCollectionBuilder;Ljava/lang/String;)V" line-rate="1.0" branch-rate="1.0">
							<lines>
							</lines>
						</method>
						<method name="access$100" signature="(Lcom/lexicalscope/jewel/cli/ArgumentCollectionBuilder;Ljava/lang/String;)Lcom/lexicalscope/jewel/cli/ArgumentValidationException;" line-rate="1.0" branch-rate="1.0">
							<lines>
							</lines>
						</method>
						<method name="access$200" signature="(Lcom/lexicalscope/jewel/cli/ArgumentCollectionBuilder;)Ljava/util/List;" line-rate="1.0" branch-rate="1.0">
							<lines>
								<line number="24" hits="447" branch="false"/>
							</lines>
						</method>
						<method name="access$202" signature="(Lcom/lexicalscope/jewel/cli/ArgumentCollectionBuilder;Ljava/util/List;)Ljava/util/List;" line-rate="1.0" branch-rate="1.0">
							<lines>
							</lines>
						</method>
						<method name="access$300" signature="(Lcom/lexicalscope/jewel/cli/ArgumentCollectionBuilder;Ljava/lang/String;)V" line-rate="1.0" branch-rate="1.0">
							<lines>
							</lines>
						</method>
						<method name="addFirstValueForOption" signature="(Ljava/lang/String;)V" line-rate="1.0" branch-rate="1.0">
							<lines>
								<line number="126" hits="135" branch="false"/>
								<line number="127" hits="135" branch="false"/>
								<line number="128" hits="135" branch="false"/>
							</lines>
						</method>
						<method name="addOption" signature="(Ljava/lang/String;)V" line-rate="1.0" branch-rate="1.0">
							<lines>
								<line number="107" hits="140" branch="false"/>
								<line number="108" hits="135" branch="false"/>
							</lines>
						</method>
						<method name="addUnparsedValue" signature="(Ljava/lang/String;)V" line-rate="1.0" branch-rate="1.0">
							<lines>
								<line number="122" hits="30" branch="false"/>
								<line number="123" hits="30" branch="false"/>
							</lines>
						</method>
						<method name="addValue" signature="(Ljava/lang/String;)V" line-rate="1.0" branch-rate="1.0">
							<lines>
								<line number="102" hits="171" branch="false"/>
								<line number="103" hits="171" branch="false"/>
							</lines>
						</method>
						<method name="getParsedArguments" signature="()Lcom/lexicalscope/jewel/cli/ArgumentCollection;" line-rate="1.0" branch-rate="1.0">
							<lines>
								<line number="112" hits="125" branch="false"/>
							</lines>
						</method>
						<method name="isExpectingUnparsedOptions" signature="()Z" line-rate="1.0" branch-rate="1.0">
							<lines>
								<line number="97" hits="138" branch="false"/>
							</lines>
						</method>
						<method name="misplacedOption" signature="(Ljava/lang/String;)Lcom/lexicalscope/jewel/cli/ArgumentValidationException;" line-rate="1.0" branch-rate="1.0">
							<lines>
								<line number="118" hits="5" branch="false"/>
							</lines>
						</method>
						<method name="unparsedOptionsFollow" signature="()V" line-rate="1.0" branch-rate="1.0">
							<lines>
								<line number="93" hits="6" branch="false"/>
								<line number="94" hits="6" branch="false"/>
							</lines>
						</method>
					</methods>
					<lines>
						<line number="24" hits="447" branch="false"/>
						<line number="86" hits="130" branch="false"/>
						<line number="87" hits="130" branch="false"/>
						<line number="89" hits="130" branch="false"/>
						<line number="93" hits="6" branch="false"/>
						<line number="94" hits="6" branch="false"/>
						<line number="97" hits="138" branch="false"/>
						<line number="102" hits="171" branch="false"/>
						<line number="103" hits="171" branch="false"/>
						<line number="107" hits="140" branch="false"/>
						<line number="108" hits="135" branch="false"/>
						<line number="112" hits="125" branch="false"/>
						<line number="118" hits="5" branch="false"/>
						<line number="122" hits="30" branch="false"/>
						<line number="123" hits="30" branch="false"/>
						<line number="126" hits="135" branch="false"/>
						<line number="127" hits="135" branch="false"/>
						<line number="128" hits="135" branch="false"/>
					</lines>
				</class>
				<class name="com.lexicalscope.jewel.cli.ArgumentCollectionBuilder$1" filename="com/lexicalscope/jewel/cli/ArgumentCollectionBuilder.java" line-rate="1.0" branch-rate="1.0" complexity="1.0952380952380953">
					<methods>
					</methods>
					<lines>
					</lines>
				</class>
				<class name="com.lexicalscope.jewel.cli.ArgumentCollectionBuilder$IParsingState" filename="com/lexicalscope/jewel/cli/ArgumentCollectionBuilder.java" line-rate="1.0" branch-rate="1.0" complexity="1.0952380952380953">
					<methods>
					</methods>
					<lines>
					</lines>
				</class>
				<class name="com.lexicalscope.jewel.cli.ArgumentCollectionBuilder$Initial" filename="com/lexicalscope/jewel/cli/ArgumentCollectionBuilder.java" line-rate="1.0" branch-rate="1.0" complexity="1.0952380952380953">
					<methods>
						<method name="&lt;init&gt;" signature="(Lcom/lexicalscope/jewel/cli/ArgumentCollectionBuilder;)V" line-rate="1.0" branch-rate="1.0">
							<lines>
							</lines>
						</method>
						<method name="&lt;init&gt;" signature="(Lcom/lexicalscope/jewel/cli/ArgumentCollectionBuilder;Lcom/lexicalscope/jewel/cli/ArgumentCollectionBuilder$1;)V" line-rate="1.0" branch-rate="1.0">
							<lines>
								<line number="31" hits="260" branch="false"/>
							</lines>
						</method>
						<method name="addOption" signature="(Ljava/lang/String;)Lcom/lexicalscope/jewel/cli/ArgumentCollectionBuilder$IParsingState;" line-rate="1.0" branch-rate="1.0">
							<lines>
								<line number="37" hits="88" branch="false"/>
							</lines>
						</method>
						<method name="addValue" signature="(Ljava/lang/String;)Lcom/lexicalscope/jewel/cli/ArgumentCollectionBuilder$IParsingState;" line-rate="1.0" branch-rate="1.0">
							<lines>
								<line number="33" hits="12" branch="false"/>
							</lines>
						</method>
					</methods>
					<lines>
						<line number="31" hits="260" branch="false"/>
						<line number="33" hits="12" branch="false"/>
						<line number="37" hits="88" branch="false"/>
					</lines>
				</class>
				<class name="com.lexicalscope.jewel.cli.ArgumentCollectionBuilder$NoOptions" filename="com/lexicalscope/jewel/cli/ArgumentCollectionBuilder.java" line-rate="1.0" branch-rate="1.0" complexity="1.0952380952380953">
					<methods>
						<method name="&lt;init&gt;" signature="(Lcom/lexicalscope/jewel/cli/ArgumentCollectionBuilder;Ljava/lang/String;)V" line-rate="1.0" branch-rate="1.0">
							<lines>
								<line number="42" hits="12" branch="false"/>
								<line number="43" hits="12" branch="false"/>
								<line number="44" hits="12" branch="false"/>
							</lines>
						</method>
						<method name="addOption" signature="(Ljava/lang/String;)Lcom/lexicalscope/jewel/cli/ArgumentCollectionBuilder$IParsingState;" line-rate="1.0" branch-rate="1.0">
							<lines>
								<line number="52" hits="5" branch="false"/>
							</lines>
						</method>
						<method name="addValue" signature="(Ljava/lang/String;)Lcom/lexicalscope/jewel/cli/ArgumentCollectionBuilder$IParsingState;" line-rate="1.0" branch-rate="1.0">
							<lines>
								<line number="47" hits="8" branch="false"/>
								<line number="48" hits="8" branch="false"/>
							</lines>
						</method>
					</methods>
					<lines>
						<line number="42" hits="12" branch="false"/>
						<line number="43" hits="12" branch="false"/>
						<line number="44" hits="12" branch="false"/>
						<line number="47" hits="8" branch="false"/>
						<line number="48" hits="8" branch="false"/>
						<line number="52" hits="5" branch="false"/>
					</lines>
				</class>
				<class name="com.lexicalscope.jewel.cli.ArgumentCollectionBuilder$OptionOrValue" filename="com/lexicalscope/jewel/cli/ArgumentCollectionBuilder.java" line-rate="1.0" branch-rate="1.0" complexity="1.0952380952380953">
					<methods>
						<method name="&lt;init&gt;" signature="(Lcom/lexicalscope/jewel/cli/ArgumentCollectionBuilder;Ljava/lang/String;)V" line-rate="1.0" branch-rate="1.0">
							<lines>
								<line number="72" hits="135" branch="false"/>
								<line number="73" hits="135" branch="false"/>
								<line number="74" hits="135" branch="false"/>
							</lines>
						</method>
						<method name="addOption" signature="(Ljava/lang/String;)Lcom/lexicalscope/jewel/cli/ArgumentCollectionBuilder$IParsingState;" line-rate="1.0" branch-rate="1.0">
							<lines>
								<line number="82" hits="47" branch="false"/>
							</lines>
						</method>
						<method name="addValue" signature="(Ljava/lang/String;)Lcom/lexicalscope/jewel/cli/ArgumentCollectionBuilder$IParsingState;" line-rate="1.0" branch-rate="1.0">
							<lines>
								<line number="77" hits="141" branch="false"/>
								<line number="78" hits="141" branch="false"/>
							</lines>
						</method>
					</methods>
					<lines>
						<line number="72" hits="135" branch="false"/>
						<line number="73" hits="135" branch="false"/>
						<line number="74" hits="135" branch="false"/>
						<line number="77" hits="141" branch="false"/>
						<line number="78" hits="141" branch="false"/>
						<line number="82" hits="47" branch="false"/>
					</lines>
				</class>
				<class name="com.lexicalscope.jewel.cli.ArgumentCollectionBuilder$UnparsedState" filename="com/lexicalscope/jewel/cli/ArgumentCollectionBuilder.java" line-rate="0.8333333333333334" branch-rate="1.0" complexity="1.0952380952380953">
					<methods>
						<method name="&lt;init&gt;" signature="(Lcom/lexicalscope/jewel/cli/ArgumentCollectionBuilder;)V" line-rate="1.0" branch-rate="1.0">
							<lines>
								<line number="57" hits="6" branch="false"/>
								<line number="58" hits="6" branch="false"/>
								<line number="59" hits="6" branch="false"/>
							</lines>
						</method>
						<method name="addOption" signature="(Ljava/lang/String;)Lcom/lexicalscope/jewel/cli/ArgumentCollectionBuilder$IParsingState;" line-rate="0.0" branch-rate="1.0">
							<lines>
								<line number="67" hits="0" branch="false"/>
							</lines>
						</method>
						<method name="addValue" signature="(Ljava/lang/String;)Lcom/lexicalscope/jewel/cli/ArgumentCollectionBuilder$IParsingState;" line-rate="1.0" branch-rate="1.0">
							<lines>
								<line number="62" hits="10" branch="false"/>
								<line number="63" hits="10" branch="false"/>
							</lines>
						</method>
					</methods>
					<lines>
						<line number="57" hits="6" branch="false"/>
						<line number="58" hits="6" branch="false"/>
						<line number="59" hits="6" branch="false"/>
						<line number="62" hits="10" branch="false"/>
						<line number="63" hits="10" branch="false"/>
						<line number="67" hits="0" branch="false"/>
					</lines>
				</class>
				<class name="com.lexicalscope.jewel.cli.ArgumentCollectionImpl" filename="com/lexicalscope/jewel/cli/ArgumentCollectionImpl.java" line-rate="0.9090909090909091" branch-rate="0.7142857142857143" complexity="1.75">
					<methods>
						<method name="&lt;init&gt;" signature="(Ljava/util/Map;Ljava/util/List;)V" line-rate="1.0" branch-rate="1.0">
							<lines>
								<line number="30" hits="205" branch="false"/>
								<line number="31" hits="205" branch="false"/>
								<line number="32" hits="205" branch="false"/>
								<line number="33" hits="205" branch="false"/>
							</lines>
						</method>
						<method name="access$000" signature="(Lcom/lexicalscope/jewel/cli/ArgumentCollectionImpl;)Ljava/util/Map;" line-rate="1.0" branch-rate="1.0">
							<lines>
								<line number="24" hits="114" branch="false"/>
							</lines>
						</method>
						<method name="containsAny" signature="(Ljava/util/List;)Z" line-rate="1.0" branch-rate="1.0">
							<lines>
								<line number="78" hits="91" branch="true" condition-coverage="100% (2/2)">
									<conditions>
										<condition number="0" type="jump" coverage="100%"/>
									</conditions>
								</line>
								<line number="80" hits="92" branch="true" condition-coverage="100% (2/2)">
									<conditions>
										<condition number="0" type="jump" coverage="100%"/>
									</conditions>
								</line>
								<line number="82" hits="80" branch="false"/>
								<line number="85" hits="11" branch="false"/>
							</lines>
						</method>
						<method name="containsAny" signature="([Ljava/lang/String;)Z" line-rate="1.0" branch-rate="1.0">
							<lines>
								<line number="70" hits="9" branch="false"/>
							</lines>
						</method>
						<method name="getArgument" signature="(Ljava/util/List;)Lcom/lexicalscope/jewel/cli/Argument;" line-rate="1.0" branch-rate="1.0">
							<lines>
								<line number="89" hits="137" branch="true" condition-coverage="100% (2/2)">
									<conditions>
										<condition number="0" type="jump" coverage="100%"/>
									</conditions>
								</line>
								<line number="90" hits="147" branch="true" condition-coverage="100% (2/2)">
									<conditions>
										<condition number="0" type="jump" coverage="100%"/>
									</conditions>
								</line>
								<line number="91" hits="81" branch="false"/>
								<line number="94" hits="56" branch="false"/>
							</lines>
						</method>
						<method name="getUnparsed" signature="()Ljava/util/List;" line-rate="1.0" branch-rate="1.0">
							<lines>
								<line number="42" hits="151" branch="false"/>
							</lines>
						</method>
						<method name="getValues" signature="(Ljava/util/List;)Ljava/util/List;" line-rate="0.75" branch-rate="0.5">
							<lines>
								<line number="104" hits="3" branch="true" condition-coverage="50% (1/2)">
									<conditions>
										<condition number="0" type="jump" coverage="50%"/>
									</conditions>
								</line>
								<line number="106" hits="3" branch="true" condition-coverage="50% (1/2)">
									<conditions>
										<condition number="0" type="jump" coverage="50%"/>
									</conditions>
								</line>
								<line number="108" hits="3" branch="false"/>
								<line number="111" hits="0" branch="false"/>
							</lines>
						</method>
						<method name="getValues" signature="([Ljava/lang/String;)Ljava/util/List;" line-rate="1.0" branch-rate="1.0">
							<lines>
								<line number="99" hits="3" branch="false"/>
							</lines>
						</method>
						<method name="hasUnparsed" signature="()Z" line-rate="0.0" branch-rate="0.0">
							<lines>
								<line number="37" hits="0" branch="true" condition-coverage="0% (0/2)">
									<conditions>
										<condition number="0" type="jump" coverage="0%"/>
									</conditions>
								</line>
							</lines>
						</method>
						<method name="iterator" signature="()Ljava/util/Iterator;" line-rate="1.0" branch-rate="1.0">
							<lines>
								<line number="47" hits="114" branch="false"/>
							</lines>
						</method>
					</methods>
					<lines>
						<line number="24" hits="114" branch="false"/>
						<line number="30" hits="205" branch="false"/>
						<line number="31" hits="205" branch="false"/>
						<line number="32" hits="205" branch="false"/>
						<line number="33" hits="205" branch="false"/>
						<line number="37" hits="0" branch="true" condition-coverage="0% (0/2)">
							<conditions>
								<condition number="0" type="jump" coverage="0%"/>
							</conditions>
						</line>
						<line number="42" hits="151" branch="false"/>
						<line number="47" hits="114" branch="false"/>
						<line number="70" hits="9" branch="false"/>
						<line number="78" hits="91" branch="true" condition-coverage="100% (2/2)">
							<conditions>
								<condition number="0" type="jump" coverage="100%"/>
							</conditions>
						</line>
						<line number="80" hits="92" branch="true" condition-coverage="100% (2/2)">
							<conditions>
								<condition number="0" type="jump" coverage="100%"/>
							</conditions>
						</line>
						<line number="82" hits="80" branch="false"/>
						<line number="85" hits="11" branch="false"/>
						<line number="89" hits="137" branch="true" condition-coverage="100% (2/2)">
							<conditions>
								<condition number="0" type="jump" coverage="100%"/>
							</conditions>
						</line>
						<line number="90" hits="147" branch="true" condition-coverage="100% (2/2)">
							<conditions>
								<condition number="0" type="jump" coverage="100%"/>
							</conditions>
						</line>
						<line number="91" hits="81" branch="false"/>
						<line number="94" hits="56" branch="false"/>
						<line number="99" hits="3" branch="false"/>
						<line number="104" hits="3" branch="true" condition-coverage="50% (1/2)">
							<conditions>
								<condition number="0" type="jump" coverage="50%"/>
							</conditions>
						</line>
						<line number="106" hits="3" branch="true" condition-coverage="50% (1/2)">
							<conditions>
								<condition number="0" type="jump" coverage="50%"/>
							</conditions>
						</line>
						<line number="108" hits="3" branch="false"/>
						<line number="111" hits="0" branch="false"/>
					</lines>
				</class>
				<class name="com.lexicalscope.jewel.cli.ArgumentCollectionImpl$1" filename="com/lexicalscope/jewel/cli/ArgumentCollectionImpl.java" line-rate="0.7142857142857143" branch-rate="1.0" complexity="1.75">
					<methods>
						<method name="&lt;init&gt;" signature="(Lcom/lexicalscope/jewel/cli/ArgumentCollectionImpl;)V" line-rate="1.0" branch-rate="1.0">
							<lines>
								<line number="48" hits="114" branch="false"/>
							</lines>
						</method>
						<method name="hasNext" signature="()Z" line-rate="1.0" branch-rate="1.0">
							<lines>
								<line number="52" hits="347" branch="false"/>
							</lines>
						</method>
						<method name="next" signature="()Lcom/lexicalscope/jewel/cli/Argument;" line-rate="1.0" branch-rate="1.0">
							<lines>
								<line number="57" hits="120" branch="false"/>
								<line number="58" hits="120" branch="false"/>
							</lines>
						</method>
						<method name="next" signature="()Ljava/lang/Object;" line-rate="1.0" branch-rate="1.0">
							<lines>
								<line number="47" hits="234" branch="false"/>
							</lines>
						</method>
						<method name="remove" signature="()V" line-rate="0.0" branch-rate="1.0">
							<lines>
								<line number="63" hits="0" branch="false"/>
								<line number="64" hits="0" branch="false"/>
							</lines>
						</method>
					</methods>
					<lines>
						<line number="47" hits="234" branch="false"/>
						<line number="48" hits="114" branch="false"/>
						<line number="52" hits="347" branch="false"/>
						<line number="57" hits="120" branch="false"/>
						<line number="58" hits="120" branch="false"/>
						<line number="63" hits="0" branch="false"/>
						<line number="64" hits="0" branch="false"/>
					</lines>
				</class>
				<class name="com.lexicalscope.jewel.cli.ArgumentImpl" filename="com/lexicalscope/jewel/cli/ArgumentImpl.java" line-rate="1.0" branch-rate="1.0" complexity="1.0">
					<methods>
						<method name="&lt;init&gt;" signature="(Ljava/lang/String;Ljava/util/List;)V" line-rate="1.0" branch-rate="1.0">
							<lines>
								<line number="15" hits="201" branch="false"/>
								<line number="16" hits="201" branch="false"/>
								<line number="17" hits="201" branch="false"/>
								<line number="18" hits="201" branch="false"/>
							</lines>
						</method>
						<method name="getOptionName" signature="()Ljava/lang/String;" line-rate="1.0" branch-rate="1.0">
							<lines>
								<line number="25" hits="335" branch="false"/>
							</lines>
						</method>
						<method name="getValues" signature="()Ljava/util/List;" line-rate="1.0" branch-rate="1.0">
							<lines>
								<line number="33" hits="197" branch="false"/>
							</lines>
						</method>
					</methods>
					<lines>
						<line number="15" hits="201" branch="false"/>
						<line number="16" hits="201" branch="false"/>
						<line number="17" hits="201" branch="false"/>
						<line number="18" hits="201" branch="false"/>
						<line number="25" hits="335" branch="false"/>
						<line number="33" hits="197" branch="false"/>
					</lines>
				</class>
				<class name="com.lexicalscope.jewel.cli.ArgumentParser" filename="com/lexicalscope/jewel/cli/ArgumentParser.java" line-rate="1.0" branch-rate="1.0" complexity="1.0">
					<methods>
					</methods>
					<lines>
					</lines>
				</class>
				<class name="com.lexicalscope.jewel.cli.ArgumentParserImpl" filename="com/lexicalscope/jewel/cli/ArgumentParserImpl.java" line-rate="1.0" branch-rate="0.9" complexity="2.0">
					<methods>
						<method name="&lt;init&gt;" signature="()V" line-rate="1.0" branch-rate="1.0">
							<lines>
								<line number="3" hits="130" branch="false"/>
								<line number="5" hits="130" branch="false"/>
							</lines>
						</method>
						<method name="add" signature="(Ljava/lang/String;)V" line-rate="1.0" branch-rate="0.875">
							<lines>
								<line number="21" hits="308" branch="true" condition-coverage="75% (3/4)">
									<conditions>
										<condition number="0" type="jump" coverage="100%"/>
										<condition number="1" type="jump" coverage="50%"/>
									</conditions>
								</line>
								<line number="23" hits="138" branch="true" condition-coverage="100% (2/2)">
									<conditions>
										<condition number="0" type="jump" coverage="100%"/>
									</conditions>
								</line>
								<line number="25" hits="119" branch="true" condition-coverage="100% (2/2)">
									<conditions>
										<condition number="0" type="jump" coverage="100%"/>
									</conditions>
								</line>
								<line number="27" hits="113" branch="false"/>
								<line number="31" hits="6" branch="false"/>
								<line number="36" hits="19" branch="false"/>
								<line number="41" hits="170" branch="false"/>
								<line number="43" hits="303" branch="false"/>
							</lines>
						</method>
						<method name="addConjoinedOptions" signature="(Ljava/lang/String;)V" line-rate="1.0" branch-rate="1.0">
							<lines>
								<line number="47" hits="43" branch="true" condition-coverage="100% (2/2)">
									<conditions>
										<condition number="0" type="jump" coverage="100%"/>
									</conditions>
								</line>
								<line number="49" hits="27" branch="false"/>
								<line number="51" hits="16" branch="false"/>
							</lines>
						</method>
						<method name="addOption" signature="(Ljava/lang/String;)V" line-rate="1.0" branch-rate="1.0">
							<lines>
								<line number="78" hits="140" branch="false"/>
								<line number="79" hits="135" branch="false"/>
							</lines>
						</method>
						<method name="addOptionAndValue" signature="(Ljava/lang/String;)V" line-rate="1.0" branch-rate="0.75">
							<lines>
								<line number="55" hits="113" branch="true" condition-coverage="100% (2/2)">
									<conditions>
										<condition number="0" type="jump" coverage="100%"/>
									</conditions>
								</line>
								<line number="57" hits="1" branch="false"/>
								<line number="58" hits="1" branch="false"/>
								<line number="60" hits="1" branch="true" condition-coverage="50% (1/2)">
									<conditions>
										<condition number="0" type="jump" coverage="50%"/>
									</conditions>
								</line>
								<line number="62" hits="1" branch="false"/>
								<line number="64" hits="1" branch="false"/>
								<line number="67" hits="112" branch="false"/>
								<line number="69" hits="111" branch="false"/>
							</lines>
						</method>
						<method name="addValue" signature="(Ljava/lang/String;)V" line-rate="1.0" branch-rate="1.0">
							<lines>
								<line number="73" hits="171" branch="false"/>
								<line number="74" hits="171" branch="false"/>
							</lines>
						</method>
						<method name="getParsedArguments" signature="()Lcom/lexicalscope/jewel/cli/ArgumentCollection;" line-rate="1.0" branch-rate="1.0">
							<lines>
								<line number="83" hits="125" branch="false"/>
							</lines>
						</method>
						<method name="parseArguments" signature="([Ljava/lang/String;)Lcom/lexicalscope/jewel/cli/ArgumentCollection;" line-rate="1.0" branch-rate="1.0">
							<lines>
								<line number="12" hits="432" branch="true" condition-coverage="100% (2/2)">
									<conditions>
										<condition number="0" type="jump" coverage="100%"/>
									</conditions>
								</line>
								<line number="14" hits="308" branch="false"/>
								<line number="16" hits="124" branch="false"/>
							</lines>
						</method>
						<method name="startsWithDash" signature="(Ljava/lang/String;)Z" line-rate="1.0" branch-rate="1.0">
							<lines>
								<line number="88" hits="308" branch="true" condition-coverage="100% (4/4)">
									<conditions>
										<condition number="0" type="jump" coverage="100%"/>
										<condition number="1" type="jump" coverage="100%"/>
									</conditions>
								</line>
							</lines>
						</method>
						<method name="startsWithDoubleDash" signature="(Ljava/lang/String;)Z" line-rate="1.0" branch-rate="1.0">
							<lines>
								<line number="93" hits="138" branch="false"/>
							</lines>
						</method>
					</methods>
					<lines>
						<line number="3" hits="130" branch="false"/>
						<line number="5" hits="130" branch="false"/>
						<line number="12" hits="432" branch="true" condition-coverage="100% (2/2)">
							<conditions>
								<condition number="0" type="jump" coverage="100%"/>
							</conditions>
						</line>
						<line number="14" hits="308" branch="false"/>
						<line number="16" hits="124" branch="false"/>
						<line number="21" hits="308" branch="true" condition-coverage="75% (3/4)">
							<conditions>
								<condition number="0" type="jump" coverage="100%"/>
								<condition number="1" type="jump" coverage="50%"/>
							</conditions>
						</line>
						<line number="23" hits="138" branch="true" condition-coverage="100% (2/2)">
							<conditions>
								<condition number="0" type="jump" coverage="100%"/>
							</conditions>
						</line>
						<line number="25" hits="119" branch="true" condition-coverage="100% (2/2)">
							<conditions>
								<condition number="0" type="jump" coverage="100%"/>
							</conditions>
						</line>
						<line number="27" hits="113" branch="false"/>
						<line number="31" hits="6" branch="false"/>
						<line number="36" hits="19" branch="false"/>
						<line number="41" hits="170" branch="false"/>
						<line number="43" hits="303" branch="false"/>
						<line number="47" hits="43" branch="true" condition-coverage="100% (2/2)">
							<conditions>
								<condition number="0" type="jump" coverage="100%"/>
							</conditions>
						</line>
						<line number="49" hits="27" branch="false"/>
						<line number="51" hits="16" branch="false"/>
						<line number="55" hits="113" branch="true" condition-coverage="100% (2/2)">
							<conditions>
								<condition number="0" type="jump" coverage="100%"/>
							</conditions>
						</line>
						<line number="57" hits="1" branch="false"/>
						<line number="58" hits="1" branch="false"/>
						<line number="60" hits="1" branch="true" condition-coverage="50% (1/2)">
							<conditions>
								<condition number="0" type="jump" coverage="50%"/>
							</conditions>
						</line>
						<line number="62" hits="1" branch="false"/>
						<line number="64" hits="1" branch="false"/>
						<line number="67" hits="112" branch="false"/>
						<line number="69" hits="111" branch="false"/>
						<line number="73" hits="171" branch="false"/>
						<line number="74" hits="171" branch="false"/>
						<line number="78" hits="140" branch="false"/>
						<line number="79" hits="135" branch="false"/>
						<line number="83" hits="125" branch="false"/>
						<line number="88" hits="308" branch="true" condition-coverage="100% (4/4)">
							<conditions>
								<condition number="0" type="jump" coverage="100%"/>
								<condition number="1" type="jump" coverage="100%"/>
							</conditions>
						</line>
						<line number="93" hits="138" branch="false"/>
					</lines>
				</class>
				<class name="com.lexicalscope.jewel.cli.ArgumentPresenter" filename="com/lexicalscope/jewel/cli/ArgumentPresenter.java" line-rate="1.0" branch-rate="1.0" complexity="1.0">
					<methods>
					</methods>
					<lines>
					</lines>
				</class>
				<class name="com.lexicalscope.jewel.cli.ArgumentPresenterImpl" filename="com/lexicalscope/jewel/cli/ArgumentPresenterImpl.java" line-rate="1.0" branch-rate="0.9090909090909091" complexity="3.75">
					<methods>
						<method name="&lt;init&gt;" signature="(Lcom/lexicalscope/jewel/cli/OptionsSpecification;Lcom/lexicalscope/jewel/cli/ArgumentPresentingStrategy;)V" line-rate="1.0" branch-rate="1.0">
							<lines>
								<line number="15" hits="73" branch="false"/>
								<line number="16" hits="73" branch="false"/>
								<line number="17" hits="73" branch="false"/>
								<line number="18" hits="73" branch="false"/>
							</lines>
						</method>
						<method name="presentArguments" signature="(Lcom/lexicalscope/jewel/cli/ArgumentCollection;)Ljava/lang/Object;" line-rate="1.0" branch-rate="1.0">
							<lines>
								<line number="21" hits="73" branch="false"/>
								<line number="23" hits="73" branch="false"/>
								<line number="25" hits="73" branch="true" condition-coverage="100% (2/2)">
									<conditions>
										<condition number="0" type="jump" coverage="100%"/>
									</conditions>
								</line>
								<line number="26" hits="137" branch="false"/>
								<line number="28" hits="137" branch="false"/>
								<line number="30" hits="137" branch="false"/>
								<line number="31" hits="137" branch="true" condition-coverage="100% (2/2)">
									<conditions>
										<condition number="0" type="jump" coverage="100%"/>
									</conditions>
								</line>
								<line number="32" hits="81" branch="false"/>
								<line number="34" hits="137" branch="false"/>
								<line number="36" hits="73" branch="true" condition-coverage="100% (2/2)">
									<conditions>
										<condition number="0" type="jump" coverage="100%"/>
									</conditions>
								</line>
								<line number="37" hits="16" branch="false"/>
								<line number="39" hits="16" branch="false"/>
								<line number="45" hits="16" branch="false"/>
								<line number="46" hits="16" branch="true" condition-coverage="100% (2/2)">
									<conditions>
										<condition number="0" type="jump" coverage="100%"/>
									</conditions>
								</line>
								<line number="47" hits="8" branch="false"/>
								<line number="54" hits="73" branch="false"/>
								<line number="55" hits="69" branch="false"/>
							</lines>
						</method>
						<method name="putDefaultInMap" signature="(Ljava/util/Map;Lcom/lexicalscope/jewel/cli/OptionSpecification;Lcom/lexicalscope/jewel/cli/ConvertTypeOfObject;)V" line-rate="1.0" branch-rate="0.875">
							<lines>
								<line number="83" hits="153" branch="true" condition-coverage="100% (4/4)">
									<conditions>
										<condition number="0" type="jump" coverage="100%"/>
										<condition number="1" type="jump" coverage="100%"/>
									</conditions>
								</line>
								<line number="85" hits="22" branch="false"/>
								<line number="89" hits="131" branch="true" condition-coverage="75% (3/4)">
									<conditions>
										<condition number="0" type="jump" coverage="100%"/>
										<condition number="1" type="jump" coverage="50%"/>
									</conditions>
								</line>
								<line number="91" hits="6" branch="false"/>
								<line number="95" hits="153" branch="false"/>
							</lines>
						</method>
						<method name="putValuesInMap" signature="(Ljava/util/Map;Lcom/lexicalscope/jewel/cli/OptionSpecification;Lcom/lexicalscope/jewel/cli/ConvertTypeOfObject;Ljava/util/List;)V" line-rate="1.0" branch-rate="0.8333333333333334">
							<lines>
								<line number="63" hits="89" branch="true" condition-coverage="100% (2/2)">
									<conditions>
										<condition number="0" type="jump" coverage="100%"/>
									</conditions>
								</line>
								<line number="65" hits="16" branch="false"/>
								<line number="69" hits="73" branch="true" condition-coverage="100% (2/2)">
									<conditions>
										<condition number="0" type="jump" coverage="100%"/>
									</conditions>
								</line>
								<line number="71" hits="51" branch="false"/>
								<line number="74" hits="22" branch="true" condition-coverage="50% (1/2)">
									<conditions>
										<condition number="0" type="jump" coverage="50%"/>
									</conditions>
								</line>
								<line number="75" hits="22" branch="false"/>
								<line number="77" hits="89" branch="false"/>
							</lines>
						</method>
					</methods>
					<lines>
						<line number="15" hits="73" branch="false"/>
						<line number="16" hits="73" branch="false"/>
						<line number="17" hits="73" branch="false"/>
						<line number="18" hits="73" branch="false"/>
						<line number="21" hits="73" branch="false"/>
						<line number="23" hits="73" branch="false"/>
						<line number="25" hits="73" branch="true" condition-coverage="100% (2/2)">
							<conditions>
								<condition number="0" type="jump" coverage="100%"/>
							</conditions>
						</line>
						<line number="26" hits="137" branch="false"/>
						<line number="28" hits="137" branch="false"/>
						<line number="30" hits="137" branch="false"/>
						<line number="31" hits="137" branch="true" condition-coverage="100% (2/2)">
							<conditions>
								<condition number="0" type="jump" coverage="100%"/>
							</conditions>
						</line>
						<line number="32" hits="81" branch="false"/>
						<line number="34" hits="137" branch="false"/>
						<line number="36" hits="73" branch="true" condition-coverage="100% (2/2)">
							<conditions>
								<condition number="0" type="jump" coverage="100%"/>
							</conditions>
						</line>
						<line number="37" hits="16" branch="false"/>
						<line number="39" hits="16" branch="false"/>
						<line number="45" hits="16" branch="false"/>
						<line number="46" hits="16" branch="true" condition-coverage="100% (2/2)">
							<conditions>
								<condition number="0" type="jump" coverage="100%"/>
							</conditions>
						</line>
						<line number="47" hits="8" branch="false"/>
						<line number="54" hits="73" branch="false"/>
						<line number="55" hits="69" branch="false"/>
						<line number="63" hits="89" branch="true" condition-coverage="100% (2/2)">
							<conditions>
								<condition number="0" type="jump" coverage="100%"/>
							</conditions>
						</line>
						<line number="65" hits="16" branch="false"/>
						<line number="69" hits="73" branch="true" condition-coverage="100% (2/2)">
							<conditions>
								<condition number="0" type="jump" coverage="100%"/>
							</conditions>
						</line>
						<line number="71" hits="51" branch="false"/>
						<line number="74" hits="22" branch="true" condition-coverage="50% (1/2)">
							<conditions>
								<condition number="0" type="jump" coverage="50%"/>
							</conditions>
						</line>
						<line number="75" hits="22" branch="false"/>
						<line number="77" hits="89" branch="false"/>
						<line number="83" hits="153" branch="true" condition-coverage="100% (4/4)">
							<conditions>
								<condition number="0" type="jump" coverage="100%"/>
								<condition number="1" type="jump" coverage="100%"/>
							</conditions>
						</line>
						<line number="85" hits="22" branch="false"/>
						<line number="89" hits="131" branch="true" condition-coverage="75% (3/4)">
							<conditions>
								<condition number="0" type="jump" coverage="100%"/>
								<condition number="1" type="jump" coverage="50%"/>
							</conditions>
						</line>
						<line number="91" hits="6" branch="false"/>
						<line number="95" hits="153" branch="false"/>
					</lines>
				</class>
				<class name="com.lexicalscope.jewel.cli.ArgumentPresentingStrategy" filename="com/lexicalscope/jewel/cli/ArgumentPresentingStrategy.java" line-rate="1.0" branch-rate="1.0" complexity="1.0">
					<methods>
					</methods>
					<lines>
					</lines>
				</class>
				<class name="com.lexicalscope.jewel.cli.ArgumentValidationException" filename="com/lexicalscope/jewel/cli/ArgumentValidationException.java" line-rate="0.5357142857142857" branch-rate="1.0" complexity="1.0909090909090908">
					<methods>
						<method name="&lt;clinit&gt;" signature="()V" line-rate="1.0" branch-rate="1.0">
							<lines>
								<line number="20" hits="1" branch="false"/>
							</lines>
						</method>
						<method name="&lt;init&gt;" signature="()V" line-rate="0.0" branch-rate="1.0">
							<lines>
								<line number="27" hits="0" branch="false"/>
								<line number="28" hits="0" branch="false"/>
							</lines>
						</method>
						<method name="&lt;init&gt;" signature="(Lcom/lexicalscope/jewel/cli/ValidationFailure;)V" line-rate="1.0" branch-rate="1.0">
							<lines>
								<line number="44" hits="5" branch="false"/>
								<line number="45" hits="5" branch="false"/>
							</lines>
						</method>
						<method name="&lt;init&gt;" signature="(Ljava/lang/String;)V" line-rate="0.0" branch-rate="1.0">
							<lines>
								<line number="35" hits="0" branch="false"/>
								<line number="36" hits="0" branch="false"/>
							</lines>
						</method>
						<method name="&lt;init&gt;" signature="(Ljava/lang/String;Ljava/lang/Throwable;)V" line-rate="0.0" branch-rate="1.0">
							<lines>
								<line number="31" hits="0" branch="false"/>
								<line number="32" hits="0" branch="false"/>
							</lines>
						</method>
						<method name="&lt;init&gt;" signature="(Ljava/lang/String;Ljava/lang/Throwable;Ljava/util/List;)V" line-rate="0.0" branch-rate="1.0">
							<lines>
								<line number="56" hits="0" branch="false"/>
								<line number="57" hits="0" branch="false"/>
								<line number="58" hits="0" branch="false"/>
							</lines>
						</method>
						<method name="&lt;init&gt;" signature="(Ljava/lang/String;Ljava/util/List;)V" line-rate="1.0" branch-rate="1.0">
							<lines>
								<line number="61" hits="42" branch="false"/>
								<line number="62" hits="42" branch="false"/>
								<line number="63" hits="42" branch="false"/>
							</lines>
						</method>
						<method name="&lt;init&gt;" signature="(Ljava/lang/Throwable;)V" line-rate="0.0" branch-rate="1.0">
							<lines>
								<line number="39" hits="0" branch="false"/>
								<line number="40" hits="0" branch="false"/>
							</lines>
						</method>
						<method name="&lt;init&gt;" signature="(Ljava/lang/Throwable;Ljava/util/List;)V" line-rate="0.0" branch-rate="1.0">
							<lines>
								<line number="66" hits="0" branch="false"/>
								<line number="67" hits="0" branch="false"/>
							</lines>
						</method>
						<method name="&lt;init&gt;" signature="(Ljava/util/List;)V" line-rate="1.0" branch-rate="1.0">
							<lines>
								<line number="49" hits="40" branch="false"/>
								<line number="50" hits="40" branch="false"/>
							</lines>
						</method>
						<method name="createMessageFromErrors" signature="(Ljava/util/List;)Ljava/lang/String;" line-rate="1.0" branch-rate="1.0">
							<lines>
								<line number="75" hits="40" branch="false"/>
								<line number="77" hits="40" branch="false"/>
								<line number="78" hits="40" branch="true" condition-coverage="100% (2/2)">
									<conditions>
										<condition number="0" type="jump" coverage="100%"/>
									</conditions>
								</line>
								<line number="80" hits="43" branch="false"/>
								<line number="81" hits="43" branch="false"/>
								<line number="83" hits="40" branch="false"/>
							</lines>
						</method>
						<method name="getValidationFailures" signature="()Ljava/util/List;" line-rate="1.0" branch-rate="1.0">
							<lines>
								<line number="71" hits="34" branch="false"/>
							</lines>
						</method>
					</methods>
					<lines>
						<line number="20" hits="1" branch="false"/>
						<line number="27" hits="0" branch="false"/>
						<line number="28" hits="0" branch="false"/>
						<line number="31" hits="0" branch="false"/>
						<line number="32" hits="0" branch="false"/>
						<line number="35" hits="0" branch="false"/>
						<line number="36" hits="0" branch="false"/>
						<line number="39" hits="0" branch="false"/>
						<line number="40" hits="0" branch="false"/>
						<line number="44" hits="5" branch="false"/>
						<line number="45" hits="5" branch="false"/>
						<line number="49" hits="40" branch="false"/>
						<line number="50" hits="40" branch="false"/>
						<line number="56" hits="0" branch="false"/>
						<line number="57" hits="0" branch="false"/>
						<line number="58" hits="0" branch="false"/>
						<line number="61" hits="42" branch="false"/>
						<line number="62" hits="42" branch="false"/>
						<line number="63" hits="42" branch="false"/>
						<line number="66" hits="0" branch="false"/>
						<line number="67" hits="0" branch="false"/>
						<line number="71" hits="34" branch="false"/>
						<line number="75" hits="40" branch="false"/>
						<line number="77" hits="40" branch="false"/>
						<line number="78" hits="40" branch="true" condition-coverage="100% (2/2)">
							<conditions>
								<condition number="0" type="jump" coverage="100%"/>
							</conditions>
						</line>
						<line number="80" hits="43" branch="false"/>
						<line number="81" hits="43" branch="false"/>
						<line number="83" hits="40" branch="false"/>
					</lines>
				</class>
				<class name="com.lexicalscope.jewel.cli.ArgumentValidationExceptionFactory" filename="com/lexicalscope/jewel/cli/ArgumentValidationExceptionFactory.java" line-rate="0.625" branch-rate="1.0" complexity="1.0">
					<methods>
						<method name="&lt;init&gt;" signature="()V" line-rate="0.0" branch-rate="1.0">
							<lines>
								<line number="21" hits="0" branch="false"/>
							</lines>
						</method>
						<method name="createInvalidValueForType" signature="(Lcom/lexicalscope/jewel/cli/OptionSpecification;Ljava/lang/String;)Lcom/lexicalscope/jewel/cli/ValidationFailureImpl;" line-rate="1.0" branch-rate="1.0">
							<lines>
								<line number="45" hits="5" branch="false"/>
							</lines>
						</method>
						<method name="createMissingOptionError" signature="(Lcom/lexicalscope/jewel/cli/OptionSpecification;)Lcom/lexicalscope/jewel/cli/ValidationFailureImpl;" line-rate="1.0" branch-rate="1.0">
							<lines>
								<line number="38" hits="9" branch="false"/>
							</lines>
						</method>
						<method name="createPatternMismatch" signature="(Lcom/lexicalscope/jewel/cli/OptionSpecification;Ljava/lang/String;)Lcom/lexicalscope/jewel/cli/ValidationFailureImpl;" line-rate="1.0" branch-rate="1.0">
							<lines>
								<line number="59" hits="3" branch="false"/>
							</lines>
						</method>
						<method name="createUnableToConstructType" signature="(Lcom/lexicalscope/jewel/cli/OptionSpecification;Ljava/lang/String;)Lcom/lexicalscope/jewel/cli/ValidationFailureImpl;" line-rate="0.0" branch-rate="1.0">
							<lines>
								<line number="52" hits="0" branch="false"/>
							</lines>
						</method>
						<method name="createUnexpectedOptionError" signature="(Ljava/lang/String;)Lcom/lexicalscope/jewel/cli/ValidationFailureImpl;" line-rate="1.0" branch-rate="1.0">
							<lines>
								<line number="24" hits="4" branch="false"/>
							</lines>
						</method>
						<method name="createUnexpectedTrailingValues" signature="(Ljava/util/List;)Lcom/lexicalscope/jewel/cli/ValidationFailureImpl;" line-rate="1.0" branch-rate="1.0">
							<lines>
								<line number="33" hits="1" branch="false"/>
							</lines>
						</method>
						<method name="createUnexpectedValueError" signature="(Lcom/lexicalscope/jewel/cli/OptionSpecification;Ljava/util/List;)Lcom/lexicalscope/jewel/cli/ValidationFailureImpl;" line-rate="0.0" branch-rate="1.0">
							<lines>
								<line number="29" hits="0" branch="false"/>
							</lines>
						</method>
					</methods>
					<lines>
						<line number="21" hits="0" branch="false"/>
						<line number="24" hits="4" branch="false"/>
						<line number="29" hits="0" branch="false"/>
						<line number="33" hits="1" branch="false"/>
						<line number="38" hits="9" branch="false"/>
						<line number="45" hits="5" branch="false"/>
						<line number="52" hits="0" branch="false"/>
						<line number="59" hits="3" branch="false"/>
					</lines>
				</class>
				<class name="com.lexicalscope.jewel.cli.ArgumentValidator" filename="com/lexicalscope/jewel/cli/ArgumentValidator.java" line-rate="1.0" branch-rate="1.0" complexity="1.0">
					<methods>
					</methods>
					<lines>
					</lines>
				</class>
				<class name="com.lexicalscope.jewel.cli.ArgumentValidatorImpl" filename="com/lexicalscope/jewel/cli/ArgumentValidatorImpl.java" line-rate="1.0" branch-rate="1.0" complexity="4.2">
					<methods>
						<method name="&lt;init&gt;" signature="(Lcom/lexicalscope/jewel/cli/OptionsSpecification;)V" line-rate="1.0" branch-rate="1.0">
							<lines>
								<line number="31" hits="112" branch="false"/>
								<line number="32" hits="112" branch="false"/>
								<line number="34" hits="112" branch="false"/>
								<line number="35" hits="112" branch="false"/>
								<line number="37" hits="112" branch="false"/>
								<line number="38" hits="112" branch="false"/>
							</lines>
						</method>
						<method name="checkAndAddValues" signature="(Lcom/lexicalscope/jewel/cli/ParsedOptionSpecification;Ljava/lang/String;Ljava/util/ArrayList;)V" line-rate="1.0" branch-rate="1.0">
							<lines>
								<line number="135" hits="98" branch="true" condition-coverage="100% (2/2)">
									<conditions>
										<condition number="0" type="jump" coverage="100%"/>
									</conditions>
								</line>
								<line number="137" hits="90" branch="true" condition-coverage="100% (2/2)">
									<conditions>
										<condition number="0" type="jump" coverage="100%"/>
									</conditions>
								</line>
								<line number="139" hits="3" branch="false"/>
								<line number="142" hits="98" branch="false"/>
								<line number="143" hits="98" branch="false"/>
							</lines>
						</method>
						<method name="patternMatches" signature="(Lcom/lexicalscope/jewel/cli/ParsedOptionSpecification;Ljava/lang/String;)Z" line-rate="1.0" branch-rate="1.0">
							<lines>
								<line number="147" hits="90" branch="false"/>
							</lines>
						</method>
						<method name="validateArguments" signature="(Lcom/lexicalscope/jewel/cli/ArgumentCollection;)Lcom/lexicalscope/jewel/cli/ArgumentCollection;" line-rate="1.0" branch-rate="1.0">
							<lines>
								<line number="45" hits="112" branch="false"/>
								<line number="47" hits="112" branch="false"/>
								<line number="48" hits="228" branch="true" condition-coverage="100% (2/2)">
									<conditions>
[...]
						<line number="13" hits="3" branch="false"/>
						<line number="14" hits="3" branch="false"/>
						<line number="17" hits="0" branch="false"/>
						<line number="22" hits="0" branch="false"/>
						<line number="27" hits="0" branch="false"/>
						<line number="32" hits="0" branch="false"/>
						<line number="36" hits="0" branch="false"/>
						<line number="40" hits="0" branch="false"/>
						<line number="44" hits="0" branch="false"/>
						<line number="48" hits="0" branch="false"/>
						<line number="53" hits="3" branch="false"/>
						<line number="54" hits="3" branch="false"/>
						<line number="55" hits="3" branch="false"/>
					</lines>
				</class>
				<class name="uk.co.flamingpenguin.jewel.cli.Unparsed" filename="uk/co/flamingpenguin/jewel/cli/Unparsed.java" line-rate="1.0" branch-rate="1.0" complexity="0.0">
					<methods>
					</methods>
					<lines>
					</lines>
				</class>
				<class name="uk.co.flamingpenguin.jewel.cli.UnparsedAnnotationAdapter" filename="uk/co/flamingpenguin/jewel/cli/UnparsedAnnotationAdapter.java" line-rate="1.0" branch-rate="1.0" complexity="1.0">
					<methods>
						<method name="&lt;init&gt;" signature="(Lcom/lexicalscope/fluentreflection/ReflectedClass;Lcom/lexicalscope/fluentreflection/ReflectedMethod;Luk/co/flamingpenguin/jewel/cli/Unparsed;)V" line-rate="1.0" branch-rate="1.0">
							<lines>
								<line number="29" hits="25" branch="false"/>
								<line number="30" hits="25" branch="false"/>
								<line number="31" hits="25" branch="false"/>
							</lines>
						</method>
						<method name="defaultToNull" signature="()Z" line-rate="1.0" branch-rate="1.0">
							<lines>
								<line number="42" hits="50" branch="false"/>
							</lines>
						</method>
						<method name="defaultValue" signature="()[Ljava/lang/String;" line-rate="1.0" branch-rate="1.0">
							<lines>
								<line number="46" hits="50" branch="false"/>
							</lines>
						</method>
						<method name="description" signature="()Ljava/lang/String;" line-rate="1.0" branch-rate="1.0">
							<lines>
								<line number="34" hits="25" branch="false"/>
							</lines>
						</method>
						<method name="name" signature="()Ljava/lang/String;" line-rate="1.0" branch-rate="1.0">
							<lines>
								<line number="50" hits="25" branch="false"/>
							</lines>
						</method>
						<method name="pattern" signature="()Ljava/lang/String;" line-rate="1.0" branch-rate="1.0">
							<lines>
								<line number="38" hits="25" branch="false"/>
							</lines>
						</method>
					</methods>
					<lines>
						<line number="29" hits="25" branch="false"/>
						<line number="30" hits="25" branch="false"/>
						<line number="31" hits="25" branch="false"/>
						<line number="34" hits="25" branch="false"/>
						<line number="38" hits="25" branch="false"/>
						<line number="42" hits="50" branch="false"/>
						<line number="46" hits="50" branch="false"/>
						<line number="50" hits="25" branch="false"/>
					</lines>
				</class>
				<class name="uk.co.flamingpenguin.jewel.cli.UnparsedOptionSpecification" filename="uk/co/flamingpenguin/jewel/cli/UnparsedOptionSpecification.java" line-rate="1.0" branch-rate="1.0" complexity="1.0">
					<methods>
					</methods>
					<lines>
					</lines>
				</class>
				<class name="uk.co.flamingpenguin.jewel.cli.UnparsedOptionSpecificationBuilder" filename="uk/co/flamingpenguin/jewel/cli/UnparsedOptionSpecificationBuilder.java" line-rate="1.0" branch-rate="1.0" complexity="1.0">
					<methods>
						<method name="&lt;init&gt;" signature="(Lcom/lexicalscope/fluentreflection/ReflectedMethod;)V" line-rate="1.0" branch-rate="1.0">
							<lines>
								<line number="24" hits="25" branch="false"/>
								<line number="25" hits="25" branch="false"/>
							</lines>
						</method>
						<method name="createOptionSpecification" signature="()Luk/co/flamingpenguin/jewel/cli/UnparsedOptionSpecification;" line-rate="1.0" branch-rate="1.0">
							<lines>
								<line number="32" hits="25" branch="false"/>
							</lines>
						</method>
						<method name="setValueName" signature="(Ljava/lang/String;)V" line-rate="1.0" branch-rate="1.0">
							<lines>
								<line number="28" hits="25" branch="false"/>
								<line number="29" hits="25" branch="false"/>
							</lines>
						</method>
					</methods>
					<lines>
						<line number="24" hits="25" branch="false"/>
						<line number="25" hits="25" branch="false"/>
						<line number="28" hits="25" branch="false"/>
						<line number="29" hits="25" branch="false"/>
						<line number="32" hits="25" branch="false"/>
					</lines>
				</class>
				<class name="uk.co.flamingpenguin.jewel.cli.UnparsedOptionSpecificationImpl" filename="uk/co/flamingpenguin/jewel/cli/UnparsedOptionSpecificationImpl.java" line-rate="0.9473684210526315" branch-rate="1.0" complexity="1.1818181818181819">
					<methods>
						<method name="&lt;init&gt;" signature="(Ljava/lang/String;Ljava/lang/Class;ZLcom/lexicalscope/fluentreflection/ReflectedMethod;Lcom/lexicalscope/fluentreflection/ReflectedMethod;Ljava/util/List;Z)V" line-rate="1.0" branch-rate="1.0">
							<lines>
								<line number="38" hits="25" branch="false"/>
								<line number="39" hits="25" branch="false"/>
								<line number="40" hits="25" branch="false"/>
								<line number="41" hits="25" branch="false"/>
								<line number="42" hits="25" branch="false"/>
								<line number="43" hits="25" branch="false"/>
								<line number="44" hits="25" branch="false"/>
								<line number="45" hits="25" branch="false"/>
								<line number="46" hits="25" branch="false"/>
							</lines>
						</method>
						<method name="getCanonicalIdentifier" signature="()Ljava/lang/String;" line-rate="1.0" branch-rate="1.0">
							<lines>
								<line number="61" hits="11" branch="false"/>
							</lines>
						</method>
						<method name="getDefaultValue" signature="()Ljava/util/List;" line-rate="1.0" branch-rate="1.0">
							<lines>
								<line number="77" hits="3" branch="false"/>
							</lines>
						</method>
						<method name="getMethod" signature="()Lcom/lexicalscope/fluentreflection/ReflectedMethod;" line-rate="1.0" branch-rate="1.0">
							<lines>
								<line number="65" hits="39" branch="false"/>
							</lines>
						</method>
						<method name="getOptionalityMethod" signature="()Lcom/lexicalscope/fluentreflection/ReflectedMethod;" line-rate="1.0" branch-rate="1.0">
							<lines>
								<line number="69" hits="3" branch="false"/>
							</lines>
						</method>
						<method name="getType" signature="()Ljava/lang/Class;" line-rate="0.0" branch-rate="1.0">
							<lines>
								<line number="49" hits="0" branch="false"/>
							</lines>
						</method>
						<method name="getValueName" signature="()Ljava/lang/String;" line-rate="1.0" branch-rate="1.0">
							<lines>
								<line number="73" hits="3" branch="true" condition-coverage="100% (2/2)">
									<conditions>
										<condition number="0" type="jump" coverage="100%"/>
									</conditions>
								</line>
							</lines>
						</method>
						<method name="hasDefaultValue" signature="()Z" line-rate="1.0" branch-rate="1.0">
							<lines>
								<line number="81" hits="22" branch="true" condition-coverage="100% (4/4)">
									<conditions>
										<condition number="0" type="jump" coverage="100%"/>
										<condition number="1" type="jump" coverage="100%"/>
									</conditions>
								</line>
							</lines>
						</method>
						<method name="isMultiValued" signature="()Z" line-rate="1.0" branch-rate="1.0">
							<lines>
								<line number="53" hits="70" branch="false"/>
							</lines>
						</method>
						<method name="isOptional" signature="()Z" line-rate="1.0" branch-rate="1.0">
							<lines>
								<line number="57" hits="31" branch="true" condition-coverage="100% (2/2)">
									<conditions>
										<condition number="0" type="jump" coverage="100%"/>
									</conditions>
								</line>
							</lines>
						</method>
						<method name="toString" signature="()Ljava/lang/String;" line-rate="1.0" branch-rate="1.0">
							<lines>
								<line number="85" hits="1" branch="false"/>
							</lines>
						</method>
					</methods>
					<lines>
						<line number="38" hits="25" branch="false"/>
						<line number="39" hits="25" branch="false"/>
						<line number="40" hits="25" branch="false"/>
						<line number="41" hits="25" branch="false"/>
						<line number="42" hits="25" branch="false"/>
						<line number="43" hits="25" branch="false"/>
						<line number="44" hits="25" branch="false"/>
						<line number="45" hits="25" branch="false"/>
						<line number="46" hits="25" branch="false"/>
						<line number="49" hits="0" branch="false"/>
						<line number="53" hits="70" branch="false"/>
						<line number="57" hits="31" branch="true" condition-coverage="100% (2/2)">
							<conditions>
								<condition number="0" type="jump" coverage="100%"/>
							</conditions>
						</line>
						<line number="61" hits="11" branch="false"/>
						<line number="65" hits="39" branch="false"/>
						<line number="69" hits="3" branch="false"/>
						<line number="73" hits="3" branch="true" condition-coverage="100% (2/2)">
							<conditions>
								<condition number="0" type="jump" coverage="100%"/>
							</conditions>
						</line>
						<line number="77" hits="3" branch="false"/>
						<line number="81" hits="22" branch="true" condition-coverage="100% (4/4)">
							<conditions>
								<condition number="0" type="jump" coverage="100%"/>
								<condition number="1" type="jump" coverage="100%"/>
							</conditions>
						</line>
						<line number="85" hits="1" branch="false"/>
					</lines>
				</class>
				<class name="uk.co.flamingpenguin.jewel.cli.UnparsedOptionSummary" filename="uk/co/flamingpenguin/jewel/cli/UnparsedOptionSummary.java" line-rate="0.7857142857142857" branch-rate="0.5" complexity="2.0">
					<methods>
						<method name="&lt;init&gt;" signature="(Luk/co/flamingpenguin/jewel/cli/UnparsedOptionSpecification;)V" line-rate="1.0" branch-rate="1.0">
							<lines>
								<line number="21" hits="1" branch="false"/>
								<line number="22" hits="1" branch="false"/>
								<line number="23" hits="1" branch="false"/>
							</lines>
						</method>
						<method name="getSummary" signature="(Ljava/lang/StringBuilder;)Ljava/lang/StringBuilder;" line-rate="0.625" branch-rate="0.5">
							<lines>
								<line number="27" hits="1" branch="true" condition-coverage="50% (1/2)">
									<conditions>
										<condition number="0" type="jump" coverage="50%"/>
									</conditions>
								</line>
								<line number="29" hits="0" branch="false"/>
								<line number="32" hits="1" branch="false"/>
								<line number="33" hits="1" branch="true" condition-coverage="50% (1/2)">
									<conditions>
										<condition number="0" type="jump" coverage="50%"/>
									</conditions>
								</line>
								<line number="35" hits="0" branch="false"/>
								<line number="38" hits="1" branch="true" condition-coverage="50% (1/2)">
									<conditions>
										<condition number="0" type="jump" coverage="50%"/>
									</conditions>
								</line>
								<line number="40" hits="0" branch="false"/>
								<line number="43" hits="1" branch="false"/>
							</lines>
						</method>
						<method name="toString" signature="()Ljava/lang/String;" line-rate="1.0" branch-rate="1.0">
							<lines>
								<line number="48" hits="1" branch="false"/>
								<line number="50" hits="1" branch="false"/>
								<line number="52" hits="1" branch="false"/>
							</lines>
						</method>
					</methods>
					<lines>
						<line number="21" hits="1" branch="false"/>
						<line number="22" hits="1" branch="false"/>
						<line number="23" hits="1" branch="false"/>
						<line number="27" hits="1" branch="true" condition-coverage="50% (1/2)">
							<conditions>
								<condition number="0" type="jump" coverage="50%"/>
							</conditions>
						</line>
						<line number="29" hits="0" branch="false"/>
						<line number="32" hits="1" branch="false"/>
						<line number="33" hits="1" branch="true" condition-coverage="50% (1/2)">
							<conditions>
								<condition number="0" type="jump" coverage="50%"/>
							</conditions>
						</line>
						<line number="35" hits="0" branch="false"/>
						<line number="38" hits="1" branch="true" condition-coverage="50% (1/2)">
							<conditions>
								<condition number="0" type="jump" coverage="50%"/>
							</conditions>
						</line>
						<line number="40" hits="0" branch="false"/>
						<line number="43" hits="1" branch="false"/>
						<line number="48" hits="1" branch="false"/>
						<line number="50" hits="1" branch="false"/>
						<line number="52" hits="1" branch="false"/>
					</lines>
				</class>
				<class name="uk.co.flamingpenguin.jewel.cli.ValidationErrorBuilder" filename="uk/co/flamingpenguin/jewel/cli/ValidationErrorBuilder.java" line-rate="1.0" branch-rate="1.0" complexity="1.0">
					<methods>
					</methods>
					<lines>
					</lines>
				</class>
				<class name="uk.co.flamingpenguin.jewel.cli.ValidationErrorBuilderImpl" filename="uk/co/flamingpenguin/jewel/cli/ValidationErrorBuilderImpl.java" line-rate="0.9285714285714286" branch-rate="1.0" complexity="1.4545454545454546">
					<methods>
						<method name="&lt;init&gt;" signature="()V" line-rate="1.0" branch-rate="1.0">
							<lines>
								<line number="9" hits="159" branch="false"/>
								<line number="11" hits="159" branch="false"/>
							</lines>
						</method>
						<method name="helpRequested" signature="(Luk/co/flamingpenguin/jewel/cli/OptionsSpecification;)V" line-rate="1.0" branch-rate="1.0">
							<lines>
								<line number="61" hits="1" branch="false"/>
								<line number="62" hits="1" branch="false"/>
							</lines>
						</method>
						<method name="invalidValueForType" signature="(Luk/co/flamingpenguin/jewel/cli/OptionSpecification;Ljava/lang/String;)V" line-rate="1.0" branch-rate="1.0">
							<lines>
								<line number="45" hits="4" branch="false"/>
								<line number="46" hits="4" branch="false"/>
							</lines>
						</method>
						<method name="missingOption" signature="(Luk/co/flamingpenguin/jewel/cli/OptionSpecification;)V" line-rate="1.0" branch-rate="1.0">
							<lines>
								<line number="40" hits="13" branch="false"/>
								<line number="41" hits="13" branch="false"/>
							</lines>
						</method>
						<method name="missingValue" signature="(Luk/co/flamingpenguin/jewel/cli/OptionSpecification;)V" line-rate="1.0" branch-rate="1.0">
							<lines>
								<line number="16" hits="2" branch="false"/>
								<line number="17" hits="2" branch="false"/>
							</lines>
						</method>
						<method name="patternMismatch" signature="(Luk/co/flamingpenguin/jewel/cli/OptionSpecification;Ljava/lang/String;)V" line-rate="1.0" branch-rate="1.0">
							<lines>
								<line number="56" hits="2" branch="false"/>
								<line number="57" hits="2" branch="false"/>
							</lines>
						</method>
						<method name="unableToConstructType" signature="(Luk/co/flamingpenguin/jewel/cli/OptionSpecification;Ljava/lang/String;)V" line-rate="0.0" branch-rate="1.0">
							<lines>
								<line number="50" hits="0" branch="false"/>
								<line number="52" hits="0" branch="false"/>
							</lines>
						</method>
						<method name="unexpectedAdditionalValues" signature="(Luk/co/flamingpenguin/jewel/cli/OptionSpecification;)V" line-rate="1.0" branch-rate="1.0">
							<lines>
								<line number="21" hits="1" branch="false"/>
								<line number="22" hits="1" branch="false"/>
							</lines>
						</method>
						<method name="unexpectedOption" signature="(Ljava/lang/String;)V" line-rate="1.0" branch-rate="1.0">
							<lines>
								<line number="26" hits="3" branch="false"/>
								<line number="27" hits="3" branch="false"/>
							</lines>
						</method>
						<method name="unexpectedTrailingValue" signature="(Ljava/util/List;)V" line-rate="1.0" branch-rate="1.0">
							<lines>
								<line number="35" hits="1" branch="false"/>
								<line number="36" hits="1" branch="false"/>
							</lines>
						</method>
						<method name="unexpectedValue" signature="(Luk/co/flamingpenguin/jewel/cli/OptionSpecification;)V" line-rate="1.0" branch-rate="1.0">
							<lines>
								<line number="31" hits="1" branch="false"/>
								<line number="32" hits="1" branch="false"/>
							</lines>
						</method>
						<method name="validate" signature="()V" line-rate="1.0" branch-rate="1.0">
							<lines>
								<line number="66" hits="152" branch="true" condition-coverage="100% (2/2)">
									<conditions>
										<condition number="0" type="jump" coverage="100%"/>
									</conditions>
								</line>
								<line number="68" hits="20" branch="true" condition-coverage="100% (2/2)">
									<conditions>
										<condition number="0" type="jump" coverage="100%"/>
									</conditions>
								</line>
								<line number="70" hits="23" branch="true" condition-coverage="100% (2/2)">
									<conditions>
										<condition number="0" type="jump" coverage="100%"/>
									</conditions>
								</line>
								<line number="72" hits="1" branch="false"/>
								<line number="76" hits="19" branch="false"/>
								<line number="78" hits="132" branch="false"/>
							</lines>
						</method>
					</methods>
					<lines>
						<line number="9" hits="159" branch="false"/>
						<line number="11" hits="159" branch="false"/>
						<line number="16" hits="2" branch="false"/>
						<line number="17" hits="2" branch="false"/>
						<line number="21" hits="1" branch="false"/>
						<line number="22" hits="1" branch="false"/>
						<line number="26" hits="3" branch="false"/>
						<line number="27" hits="3" branch="false"/>
						<line number="31" hits="1" branch="false"/>
						<line number="32" hits="1" branch="false"/>
						<line number="35" hits="1" branch="false"/>
						<line number="36" hits="1" branch="false"/>
						<line number="40" hits="13" branch="false"/>
						<line number="41" hits="13" branch="false"/>
						<line number="45" hits="4" branch="false"/>
						<line number="46" hits="4" branch="false"/>
						<line number="50" hits="0" branch="false"/>
						<line number="52" hits="0" branch="false"/>
						<line number="56" hits="2" branch="false"/>
						<line number="57" hits="2" branch="false"/>
						<line number="61" hits="1" branch="false"/>
						<line number="62" hits="1" branch="false"/>
						<line number="66" hits="152" branch="true" condition-coverage="100% (2/2)">
							<conditions>
								<condition number="0" type="jump" coverage="100%"/>
							</conditions>
						</line>
						<line number="68" hits="20" branch="true" condition-coverage="100% (2/2)">
							<conditions>
								<condition number="0" type="jump" coverage="100%"/>
							</conditions>
						</line>
						<line number="70" hits="23" branch="true" condition-coverage="100% (2/2)">
							<conditions>
								<condition number="0" type="jump" coverage="100%"/>
							</conditions>
						</line>
						<line number="72" hits="1" branch="false"/>
						<line number="76" hits="19" branch="false"/>
						<line number="78" hits="132" branch="false"/>
					</lines>
				</class>
				<class name="uk.co.flamingpenguin.jewel.cli.ValueFormatException" filename="uk/co/flamingpenguin/jewel/cli/ValueFormatException.java" line-rate="0.0" branch-rate="1.0" complexity="1.0">
					<methods>
						<method name="&lt;init&gt;" signature="(Ljava/lang/String;)V" line-rate="0.0" branch-rate="1.0">
							<lines>
								<line number="21" hits="0" branch="false"/>
								<line number="22" hits="0" branch="false"/>
							</lines>
						</method>
					</methods>
					<lines>
						<line number="21" hits="0" branch="false"/>
						<line number="22" hits="0" branch="false"/>
					</lines>
				</class>
			</classes>
		</package>
	</packages>
</coverage>
